2023/12/12 22:38:30 http://127.0.0.1:10811
2023/12/12 22:38:39 Request failed  Get "https://www.pixiv.net/ajax/illust/114035777": EOF
2023/12/12 22:38:39 Request failed Get "https://www.pixiv.net/ajax/illust/114035777": EOF
2023/12/12 22:41:40 Request failed  Get "https://www.pixiv.net/ajax/illust/114035777": EOF
2023/12/12 22:41:40 Request failed Get "https://www.pixiv.net/ajax/illust/114035777": EOF
2023/12/12 22:44:12 Request failed  Get "https://www.pixiv.net/ajax/illust/114035777": EOF
2023/12/12 22:44:12 Request failed Get "https://www.pixiv.net/ajax/illust/114035777": EOF
2023/12/12 22:45:56 http://127.0.0.1:10811
2023/12/12 22:45:59 114035777
  服部武雄
  #Fate/GrandOrder 服部武雄 - ケースワベ【K-SUWABE】のイラスト
  Fate/GrandOrder
服部武雄(Fate)
レイド戦最強の男
勝てる気がしない
ぐだぐだ超五稜郭
本家本元
グランドセイバー
和製翁
Fate/GO5000users入り

 all-age
  24517
 ケースワベ【K-SUWABE】
2023/12/12 22:54:50 http://127.0.0.1:10811
2023/12/12 22:54:52 Request failed  Get "https://www.pixiv.net/ajax/illust/114035777": EOF
2023/12/12 22:55:08 Request failed  Get "https://www.pixiv.net/ajax/illust/114035777": EOF
2023/12/12 22:55:14 http://127.0.0.1:10811
2023/12/12 22:55:16 Request failed  Get "https://www.pixiv.net/ajax/illust/0": EOF
2023/12/12 22:55:17 114035777
  服部武雄
  #Fate/GrandOrder 服部武雄 - ケースワベ【K-SUWABE】のイラスト
  Fate/GrandOrder
服部武雄(Fate)
レイド戦最強の男
勝てる気がしない
ぐだぐだ超五稜郭
本家本元
グランドセイバー
和製翁
Fate/GO5000users入り

 all-age
  24517
 ケースワベ【K-SUWABE】
2023/12/12 22:56:32 http://127.0.0.1:10811
2023/12/12 22:56:39 Request failed  Get "https://www.pixiv.net/ajax/illust/114035777": EOF
2023/12/12 22:56:45 114035777
  服部武雄
  #Fate/GrandOrder 服部武雄 - ケースワベ【K-SUWABE】のイラスト
  Fate/GrandOrder
服部武雄(Fate)
レイド戦最強の男
勝てる気がしない
ぐだぐだ超五稜郭
本家本元
グランドセイバー
和製翁
Fate/GO5000users入り

 all-age
  24517
 ケースワベ【K-SUWABE】
2023/12/12 22:57:08 http://127.0.0.1:10811
2023/12/12 22:57:11 114035777
  服部武雄
  #Fate/GrandOrder 服部武雄 - ケースワベ【K-SUWABE】のイラスト
  Fate/GrandOrder
服部武雄(Fate)
レイド戦最強の男
勝てる気がしない
ぐだぐだ超五稜郭
本家本元
グランドセイバー
和製翁
Fate/GO5000users入り

 all-age
  24517
 ケースワベ【K-SUWABE】
2023/12/12 23:02:51 http://127.0.0.1:10811
2023/12/12 23:02:54 Request failed  Get "https://www.pixiv.net/ajax/illust/114035777": EOF
2023/12/12 23:03:03 Request failed  Get "https://www.pixiv.net/ajax/illust/114035777": EOF
2023/12/12 23:03:05 114035777
  服部武雄
  #Fate/GrandOrder 服部武雄 - ケースワベ【K-SUWABE】のイラスト
  Fate/GrandOrder
服部武雄(Fate)
レイド戦最強の男
勝てる気がしない
ぐだぐだ超五稜郭
本家本元
グランドセイバー
和製翁
Fate/GO5000users入り

 all-age
  24517
 ケースワベ【K-SUWABE】
2023/12/12 23:03:26 http://127.0.0.1:10811
2023/12/12 23:03:29 Request failed  Get "https://www.pixiv.net/ajax/illust/114035777": EOF
2023/12/12 23:03:34 Request failed  Get "https://www.pixiv.net/ajax/illust/114035777": EOF
2023/12/12 23:03:36 Request failed  Get "https://www.pixiv.net/ajax/illust/114035777": EOF
2023/12/12 23:03:38 Request failed  Get "https://www.pixiv.net/ajax/illust/114035777": EOF
2023/12/12 23:03:40 114035777
  服部武雄
  #Fate/GrandOrder 服部武雄 - ケースワベ【K-SUWABE】のイラスト
  Fate/GrandOrder
服部武雄(Fate)
レイド戦最強の男
勝てる気がしない
ぐだぐだ超五稜郭
本家本元
グランドセイバー
和製翁
Fate/GO5000users入り

 all-age
  24517
 ケースワベ【K-SUWABE】
2023/12/12 23:03:40 Error Get "thumb": unsupported protocol scheme ""
2023/12/12 23:04:57 http://127.0.0.1:10811
2023/12/12 23:05:04 114035777
  服部武雄
  #Fate/GrandOrder 服部武雄 - ケースワベ【K-SUWABE】のイラスト
  Fate/GrandOrder
服部武雄(Fate)
レイド戦最強の男
勝てる気がしない
ぐだぐだ超五稜郭
本家本元
グランドセイバー
和製翁
Fate/GO5000users入り

 all-age
  24517
 ケースワベ【K-SUWABE】
2023/12/12 23:05:04 Error Get "small": unsupported protocol scheme "" small
2023/12/12 23:46:02 http://127.0.0.1:10811
2023/12/12 23:46:14 114035777
  服部武雄
  #Fate/GrandOrder 服部武雄 - ケースワベ【K-SUWABE】のイラスト
  Fate/GrandOrder
服部武雄(Fate)
レイド戦最強の男
勝てる気がしない
ぐだぐだ超五稜郭
本家本元
グランドセイバー
和製翁
Fate/GO5000users入り

 all-age
  24517
 ケースワベ【K-SUWABE】
2023/12/12 23:46:14 Error Get "https://i.pximg.net/c/250x250_80_a2/custom-thumb/img/2023/12/08/00/00/18/114035777_p0_custom1200.jpg": EOF https://i.pximg.net/c/250x250_80_a2/custom-thumb/img/2023/12/08/00/00/18/114035777_p0_custom1200.jpg
2023/12/12 23:50:15 http://127.0.0.1:10811
2023/12/12 23:50:39 Request failed  Get "https://www.pixiv.net/ajax/illust/114035777": EOF
2023/12/12 23:50:43 Request failed  Get "https://www.pixiv.net/ajax/illust/114035777": EOF
2023/12/12 23:50:46 114035777
  服部武雄
  #Fate/GrandOrder 服部武雄 - ケースワベ【K-SUWABE】のイラスト
  Fate/GrandOrder
服部武雄(Fate)
レイド戦最強の男
勝てる気がしない
ぐだぐだ超五稜郭
本家本元
グランドセイバー
和製翁
Fate/GO5000users入り

 all-age
  24517
 ケースワベ【K-SUWABE】
2023/12/12 23:51:32 http://127.0.0.1:10811
2023/12/12 23:51:36 Request failed  Get "https://www.pixiv.net/ajax/illust/114035777": EOF
2023/12/12 23:51:48 114035777
  服部武雄
  #Fate/GrandOrder 服部武雄 - ケースワベ【K-SUWABE】のイラスト
  Fate/GrandOrder
服部武雄(Fate)
レイド戦最強の男
勝てる気がしない
ぐだぐだ超五稜郭
本家本元
グランドセイバー
和製翁
Fate/GO5000users入り

 all-age
  24517
 ケースワベ【K-SUWABE】
2023/12/12 23:51:49 200 {0xc0004a6180}
2023/12/12 23:52:10 114035777
  服部武雄
  #Fate/GrandOrder 服部武雄 - ケースワベ【K-SUWABE】のイラスト
  Fate/GrandOrder
服部武雄(Fate)
レイド戦最強の男
勝てる気がしない
ぐだぐだ超五稜郭
本家本元
グランドセイバー
和製翁
Fate/GO5000users入り

 all-age
  24517
 ケースワベ【K-SUWABE】
2023/12/12 23:52:12 200 {0xc000002f00}
2023/12/12 23:52:23 Request failed  Get "https://www.pixiv.net/ajax/illust/114035777": EOF
2023/12/12 23:52:58 Request failed  Get "https://www.pixiv.net/ajax/illust/114035777": EOF
2023/12/12 23:53:02 Request failed  Get "https://www.pixiv.net/ajax/illust/114035777": EOF
2023/12/12 23:53:17 Request failed  Get "https://www.pixiv.net/ajax/illust/114035777": EOF
2023/12/12 23:54:04 Request failed  Get "https://www.pixiv.net/ajax/illust/114035777": EOF
2023/12/12 23:54:17 Request failed  Get "https://www.pixiv.net/ajax/illust/114035777": EOF
2023/12/12 23:54:50 Request failed  Get "https://www.pixiv.net/ajax/illust/114035777": EOF
2023/12/12 23:56:30 Request failed  Get "https://www.pixiv.net/ajax/illust/114035777": EOF
2023/12/12 23:56:47 114035777
  服部武雄
  #Fate/GrandOrder 服部武雄 - ケースワベ【K-SUWABE】のイラスト
  Fate/GrandOrder
服部武雄(Fate)
レイド戦最強の男
勝てる気がしない
ぐだぐだ超五稜郭
本家本元
グランドセイバー
和製翁
Fate/GO5000users入り

 all-age
  24517
 ケースワベ【K-SUWABE】
2023/12/12 23:56:48 Error Get "https://i.pximg.net/c/250x250_80_a2/custom-thumb/img/2023/12/08/00/00/18/114035777_p0_custom1200.jpg": EOF https://i.pximg.net/c/250x250_80_a2/custom-thumb/img/2023/12/08/00/00/18/114035777_p0_custom1200.jpg
2023/12/13 00:09:46 http://127.0.0.1:10811
2023/12/13 00:11:55 Request failed  Get "https://www.pixiv.net/ajax/illust/114035777": EOF
2023/12/13 00:12:02 114035777
  服部武雄
  #Fate/GrandOrder 服部武雄 - ケースワベ【K-SUWABE】のイラスト
  Fate/GrandOrder
服部武雄(Fate)
レイド戦最強の男
勝てる気がしない
ぐだぐだ超五稜郭
本家本元
グランドセイバー
和製翁
Fate/GO5000users入り

 all-age
  24517
 ケースワベ【K-SUWABE】
2023/12/13 00:12:03 Error Get "https://i.pximg.net/c/250x250_80_a2/custom-thumb/img/2023/12/08/00/00/18/114035777_p0_custom1200.jpg": EOF https://i.pximg.net/c/250x250_80_a2/custom-thumb/img/2023/12/08/00/00/18/114035777_p0_custom1200.jpg
2023/12/13 00:12:48 Request failed  Get "https://www.pixiv.net/ajax/illust/114035777": EOF
2023/12/13 00:13:37 Request failed  Get "https://www.pixiv.net/ajax/illust/114035777/pages": EOF
2023/12/13 00:13:49 http://127.0.0.1:10811
2023/12/13 00:13:52 Request failed  Get "https://www.pixiv.net/ajax/illust/114035777": EOF
2023/12/13 00:13:56 Request failed  Get "https://www.pixiv.net/ajax/illust/114035777": EOF
2023/12/13 00:14:26 114035777
  服部武雄
  #Fate/GrandOrder 服部武雄 - ケースワベ【K-SUWABE】のイラスト
  Fate/GrandOrder
服部武雄(Fate)
レイド戦最強の男
勝てる気がしない
ぐだぐだ超五稜郭
本家本元
グランドセイバー
和製翁
Fate/GO5000users入り

 all-age
  24517
 ケースワベ【K-SUWABE】
2023/12/13 00:14:27 Error Get "https://i.pximg.net/c/250x250_80_a2/custom-thumb/img/2023/12/08/00/00/18/114035777_p0_custom1200.jpg": EOF https://i.pximg.net/c/250x250_80_a2/custom-thumb/img/2023/12/08/00/00/18/114035777_p0_custom1200.jpg
2023/12/13 00:15:30 Request failed  Get "https://www.pixiv.net/ajax/illust/114035777/pages": EOF
2023/12/13 00:15:38 Request failed  Get "https://www.pixiv.net/ajax/illust/114035777/pages": EOF
2023/12/13 00:17:07 http://127.0.0.1:10811
2023/12/13 00:17:16 Request failed  Get "https://www.pixiv.net/ajax/illust/114035777": EOF
2023/12/13 00:17:20 Request failed  Get "https://www.pixiv.net/ajax/illust/114035777": EOF
2023/12/13 00:18:42 Request failed  Get "https://www.pixiv.net/ajax/illust/114035777/pages": EOF
2023/12/13 00:18:54 http://127.0.0.1:10811
2023/12/13 00:18:59 Request failed  Get "https://www.pixiv.net/ajax/illust/114035777/pages": EOF
2023/12/13 00:19:23 Request failed  Get "https://www.pixiv.net/ajax/illust/114035777/pages": EOF
2023/12/13 00:19:33 Request failed  Get "https://www.pixiv.net/ajax/illust/114035777": EOF
2023/12/13 00:19:38 Request failed  Get "https://www.pixiv.net/ajax/illust/114035777": EOF
2023/12/13 00:19:50 Request failed  Get "https://www.pixiv.net/ajax/illust/114035777": EOF
2023/12/13 00:19:52 Request failed  Get "https://www.pixiv.net/ajax/illust/114035777/pages": EOF
2023/12/13 00:19:58 Request failed  Get "https://www.pixiv.net/ajax/illust/114035777": EOF
2023/12/13 00:21:35 http://127.0.0.1:10811
2023/12/13 00:21:48 200 {0xc00052f080}
2023/12/13 00:22:11 200 {0xc000003680}
2023/12/13 13:24:55 http://127.0.0.1:10811
2023/12/13 13:26:10 Request failed  Get "https://www.pixiv.net/ajax/illust/114035777": proxyconnect tcp: dial tcp 127.0.0.1:10811: connectex: No connection could be made because the target machine actively refused it.
2023/12/13 13:26:58 http://127.0.0.1:10809
2023/12/13 13:27:08 https://i.pximg.net/c/250x250_80_a2/custom-thumb/img/2023/12/08/00/00/18/114035777_p0_custom1200.jpg 200 {0xc0006dcf00}
2023/12/13 13:27:47 https://i.pximg.net/c/250x250_80_a2/custom-thumb/img/2023/12/08/00/00/18/114035777_p0_custom1200.jpg 200 {0xc0006dd200}
2023/12/13 13:30:10 http://127.0.0.1:10809
2023/12/13 13:30:17 https://i.pximg.net/c/250x250_80_a2/custom-thumb/img/2023/12/08/00/00/18/114035777_p0_custom1200.jpg 200 {0xc001612180}
2023/12/13 13:30:17 File Create Error open https://i.pximg.net/c/250x250_80_a2/custom-thumb/img/2023/12/08/00/00/18/114035777_p0_custom1200.jpg: The filename, directory name, or volume label syntax is incorrect.
2023/12/13 13:30:42 https://i.pximg.net/c/250x250_80_a2/custom-thumb/img/2023/12/08/00/00/18/114035777_p0_custom1200.jpg 200 {0xc001792600}
2023/12/13 13:30:42 File Create Error open https://i.pximg.net/c/250x250_80_a2/custom-thumb/img/2023/12/08/00/00/18/114035777_p0_custom1200.jpg: The filename, directory name, or volume label syntax is incorrect.
2023/12/13 13:33:59 http://127.0.0.1:10809
2023/12/13 13:34:10 https://i.pximg.net/c/250x250_80_a2/custom-thumb/img/2023/12/08/00/00/18/114035777_p0_custom1200.jpg 200 {0xc001456480}
2023/12/13 13:34:23 https://i.pximg.net/c/250x250_80_a2/custom-thumb/img/2023/12/08/00/00/18/114035777_p0_custom1200.jpg 200 {0xc001456780}
2023/12/13 13:43:05 http://127.0.0.1:10809
2023/12/13 13:43:54 http://127.0.0.1:10809
2023/12/13 13:44:03 Request failed  Get "https://www.pixiv.net/ajax/illust/114035777/pages": EOF
2023/12/13 13:44:18 http://127.0.0.1:10809
2023/12/13 13:44:24 https://i.pximg.net/c/250x250_80_a2/custom-thumb/img/2023/12/08/00/00/18/114035777_p0_custom1200.jpg 200 {0xc000003980}
2023/12/13 13:45:25 http://127.0.0.1:10809
2023/12/13 13:45:31 []
2023/12/13 13:45:32 https://i.pximg.net/c/250x250_80_a2/custom-thumb/img/2023/12/08/00/00/18/114035777_p0_custom1200.jpg 200 {0xc000003200}
2023/12/13 14:03:25 http://127.0.0.1:10809
2023/12/13 14:03:39 []
2023/12/13 14:03:40 https://i.pximg.net/c/250x250_80_a2/custom-thumb/img/2023/12/08/00/00/18/114035777_p0_custom1200.jpg 200 {0xc000cacc00}
2023/12/13 14:03:40 File Create Error open Download/71542/all-age/114035777_p0_custom1200.jpg: The system cannot find the path specified.
2023/12/13 14:03:57 []
2023/12/13 14:03:58 https://i.pximg.net/c/250x250_80_a2/custom-thumb/img/2023/12/08/00/00/18/114035777_p0_custom1200.jpg 200 {0xc000eb1980}
2023/12/13 14:03:58 File Create Error open Download/71542/all-age/114035777_p0_custom1200.jpg: The system cannot find the path specified.
2023/12/13 14:06:11 http://127.0.0.1:10809
2023/12/13 14:06:21 []
2023/12/13 14:06:21 https://i.pximg.net/c/250x250_80_a2/custom-thumb/img/2023/12/08/00/00/18/114035777_p0_custom1200.jpg 200 {0xc0005aaa80}
2023/12/13 14:06:28 []
2023/12/13 14:06:30 https://i.pximg.net/c/250x250_80_a2/custom-thumb/img/2023/12/08/00/00/18/114035777_p0_custom1200.jpg 200 {0xc00156c180}
2023/12/13 14:13:19 http://127.0.0.1:10809
2023/12/13 14:13:25 []
2023/12/13 14:13:27 https://i.pximg.net/c/250x250_80_a2/custom-thumb/img/2023/12/08/00/00/18/114035777_p0_custom1200.jpg 200 {0xc001618180}
2023/12/13 14:13:30 []
2023/12/13 14:13:31 https://i.pximg.net/c/250x250_80_a2/custom-thumb/img/2023/12/08/00/00/18/114035777_p0_custom1200.jpg 200 {0xc0017f2180}
2023/12/13 14:18:20 http://127.0.0.1:10809
2023/12/13 14:18:29 []
2023/12/13 14:18:30 https://i.pximg.net/c/250x250_80_a2/custom-thumb/img/2023/12/11/08/05/56/114131343_p0_custom1200.jpg 200 {0xc001584180}
2023/12/13 14:21:37 http://127.0.0.1:10809
2023/12/13 14:21:44 []
2023/12/13 14:21:45 https://i.pximg.net/c/250x250_80_a2/custom-thumb/img/2023/12/11/08/05/56/114131343_p0_custom1200.jpg 200 {0xc00056ed80}
2023/12/13 14:23:07 http://127.0.0.1:10809
2023/12/13 14:23:11 Request failed  Get "https://www.pixiv.net/ajax/illust/114131343": EOF
2023/12/13 14:23:22 http://127.0.0.1:10809
2023/12/13 14:23:26 [{"urls":{"thumb_mini":"https:\/\/i.pximg.net\/c\/128x128\/img-master\/img\/2023\/12\/11\/08\/05\/56\/114131343_p0_square1200.jpg","small":"https:\/\/i.pximg.net\/c\/540x540_70\/img-master\/img\/2023\/12\/11\/08\/05\/56\/114131343_p0_master1200.jpg","regular":"https:\/\/i.pximg.net\/img-master\/img\/2023\/12\/11\/08\/05\/56\/114131343_p0_master1200.jpg","original":"https:\/\/i.pximg.net\/img-original\/img\/2023\/12\/11\/08\/05\/56\/114131343_p0.jpg"},"width":1272,"height":1800},{"urls":{"thumb_mini":"https:\/\/i.pximg.net\/c\/128x128\/img-master\/img\/2023\/12\/11\/08\/05\/56\/114131343_p1_square1200.jpg","small":"https:\/\/i.pximg.net\/c\/540x540_70\/img-master\/img\/2023\/12\/11\/08\/05\/56\/114131343_p1_master1200.jpg","regular":"https:\/\/i.pximg.net\/img-master\/img\/2023\/12\/11\/08\/05\/56\/114131343_p1_master1200.jpg","original":"https:\/\/i.pximg.net\/img-original\/img\/2023\/12\/11\/08\/05\/56\/114131343_p1.jpg"},"width":1272,"height":1800}]
2023/12/13 14:23:26 []
2023/12/13 14:23:28 https://i.pximg.net/c/250x250_80_a2/custom-thumb/img/2023/12/11/08/05/56/114131343_p0_custom1200.jpg 200 {0xc001424780}
2023/12/13 14:41:49 http://127.0.0.1:10809
2023/12/13 14:42:00 [https://i.pximg.net/img-original/img/2023/12/11/08/05/56/114131343_p0.jpg https://i.pximg.net/img-original/img/2023/12/11/08/05/56/114131343_p1.jpg]
2023/12/13 14:42:03 https://i.pximg.net/c/250x250_80_a2/custom-thumb/img/2023/12/11/08/05/56/114131343_p0_custom1200.jpg 200 {0xc00060ef00}
2023/12/13 14:42:03 File Create Error open Download/6970126/all-age/https://i.pximg.net/img-original/img/2023/12/11/08/05/56/114131343_p0.jpg: The filename, directory name, or volume label syntax is incorrect.
2023/12/13 14:42:03 File Create Error open Download/6970126/all-age/https://i.pximg.net/img-original/img/2023/12/11/08/05/56/114131343_p1.jpg: The filename, directory name, or volume label syntax is incorrect.
2023/12/13 14:42:11 [https://i.pximg.net/img-original/img/2023/12/11/08/05/56/114131343_p0.jpg https://i.pximg.net/img-original/img/2023/12/11/08/05/56/114131343_p1.jpg]
2023/12/13 14:42:12 https://i.pximg.net/c/250x250_80_a2/custom-thumb/img/2023/12/11/08/05/56/114131343_p0_custom1200.jpg 200 {0xc00060fb00}
2023/12/13 14:42:12 File Create Error open Download/6970126/all-age/https://i.pximg.net/img-original/img/2023/12/11/08/05/56/114131343_p0.jpg: The filename, directory name, or volume label syntax is incorrect.
2023/12/13 14:42:12 File Create Error open Download/6970126/all-age/https://i.pximg.net/img-original/img/2023/12/11/08/05/56/114131343_p1.jpg: The filename, directory name, or volume label syntax is incorrect.
2023/12/13 14:48:50 http://127.0.0.1:10809
2023/12/13 14:48:58 [https://i.pximg.net/img-original/img/2023/12/11/08/05/56/114131343_p0.jpg https://i.pximg.net/img-original/img/2023/12/11/08/05/56/114131343_p1.jpg]
2023/12/13 14:48:59 https://i.pximg.net/c/128x128/img-master/img/2023/12/11/08/05/56/114131343_p0_square1200.jpg 200 {0xc000cb4480}
2023/12/13 14:49:32 [https://i.pximg.net/img-original/img/2023/12/11/08/05/56/114131343_p0.jpg https://i.pximg.net/img-original/img/2023/12/11/08/05/56/114131343_p1.jpg]
2023/12/13 14:49:35 https://i.pximg.net/c/128x128/img-master/img/2023/12/11/08/05/56/114131343_p0_square1200.jpg 200 {0xc0012f0900}
2023/12/13 14:50:19 [https://i.pximg.net/img-original/img/2023/12/11/08/05/56/114131343_p0.jpg https://i.pximg.net/img-original/img/2023/12/11/08/05/56/114131343_p1.jpg]
2023/12/13 14:50:20 https://i.pximg.net/c/128x128/img-master/img/2023/12/11/08/05/56/114131343_p0_square1200.jpg 200 {0xc0018ec780}
2023/12/13 14:54:18 http://127.0.0.1:10809
2023/12/13 14:54:33 [https://i.pximg.net/img-original/img/2023/12/11/08/05/56/114131343_p0.jpg https://i.pximg.net/img-original/img/2023/12/11/08/05/56/114131343_p1.jpg]
2023/12/13 14:54:34 https://i.pximg.net/c/128x128/img-master/img/2023/12/11/08/05/56/114131343_p0_square1200.jpg 200 {0xc00203e180}
2023/12/16 13:26:49 http://127.0.0.1:10809
2023/12/16 13:27:52 http://127.0.0.1:10809
2023/12/16 13:29:52 http://127.0.0.1:10809
2023/12/16 13:30:22 Request failed  Get "https://www.pixiv.net/ajax/illust/-4222803206638463299": EOF
2023/12/16 13:31:26 http://127.0.0.1:10811
2023/12/16 13:31:30 Request failed  Get "https://www.pixiv.net/ajax/illust/-4222803206638463299": EOF
2023/12/16 13:33:53 http://127.0.0.1:10811
2023/12/16 13:34:08 {"106996062":null,"106962237":null,"106962190":null,"106680921":null,"106436308":null,"106307478":null,"106250192":null,"106191960":null,"105953015":null,"105773666":null,"105711387":null,"105652392":null,"105537918":null,"105537915":null,"105537907":null,"105537902":null,"105537894":null,"105537885":null,"105537876":null,"105537870":null,"105447350":null,"105392119":null,"105290732":null,"105059754":null,"104861618":null,"104835846":null,"104442125":null,"103015306":null,"102773092":null,"102502585":null,"101887242":null,"95783683":null,"94463296":null,"93990476":null,"93921202":null,"92334469":null,"91474869":null,"90901781":null,"90423546":null,"89208321":null}
2023/12/16 13:34:08 status code  404
2023/12/16 13:34:09 Request failed  Get "https://www.pixiv.net/ajax/illust/-4222803206638463299/pages": EOF
2023/12/16 13:35:20 http://127.0.0.1:10811
2023/12/16 13:35:22 {"106996062":null,"106962237":null,"106962190":null,"106680921":null,"106436308":null,"106307478":null,"106250192":null,"106191960":null,"105953015":null,"105773666":null,"105711387":null,"105652392":null,"105537918":null,"105537915":null,"105537907":null,"105537902":null,"105537894":null,"105537885":null,"105537876":null,"105537870":null,"105447350":null,"105392119":null,"105290732":null,"105059754":null,"104861618":null,"104835846":null,"104442125":null,"103015306":null,"102773092":null,"102502585":null,"101887242":null,"95783683":null,"94463296":null,"93990476":null,"93921202":null,"92334469":null,"91474869":null,"90901781":null,"90423546":null,"89208321":null}
2023/12/16 13:35:22 status code  404
2023/12/16 13:35:23 Request failed  Get "https://www.pixiv.net/ajax/illust/-4222803206638463299/pages": EOF
2023/12/16 13:36:10 http://127.0.0.1:10811
2023/12/16 13:36:12 1
2023/12/16 13:36:13 status code  404
2023/12/16 13:36:13 status code  404
2023/12/16 13:37:26 http://127.0.0.1:10811
2023/12/16 13:37:29 40
2023/12/16 13:37:29 
2023/12/16 13:37:31 status code  400
2023/12/16 13:37:31 status code  400
2023/12/16 13:37:58 http://127.0.0.1:10811
2023/12/16 13:38:01 Request failed  Get "https://www.pixiv.net/ajax/user/57681088/profile/all": EOF
2023/12/16 13:38:01 0
2023/12/16 13:39:00 40
2023/12/16 13:39:00 106962190
2023/12/16 13:39:01 [https://i.pximg.net/img-original/img/2023/04/08/00/00/25/106962190_p0.jpg]
2023/12/16 13:39:02 https://i.pximg.net/c/128x128/img-master/img/2023/04/08/00/00/25/106962190_p0_square1200.jpg 200 {0xc001230600}
2023/12/16 13:39:03 Error Get "https://i.pximg.net/img-original/img/2023/04/08/00/00/25/106962190_p0.jpg": EOF https://i.pximg.net/img-original/img/2023/04/08/00/00/25/106962190_p0.jpg
2023/12/16 13:39:03 106250192
2023/12/16 13:39:04 Request failed  Get "https://www.pixiv.net/ajax/illust/106250192/pages": EOF
2023/12/16 13:39:04 106191960
2023/12/16 13:39:05 [https://i.pximg.net/img-original/img/2023/03/14/00/01/14/106191960_p0.jpg]
2023/12/16 13:39:06 Error Get "https://i.pximg.net/c/128x128/img-master/img/2023/03/14/00/01/14/106191960_p0_square1200.jpg": EOF https://i.pximg.net/c/128x128/img-master/img/2023/03/14/00/01/14/106191960_p0_square1200.jpg
2023/12/16 13:39:06 105711387
2023/12/16 13:39:08 [https://i.pximg.net/img-original/img/2023/02/26/00/00/37/105711387_p0.jpg]
2023/12/16 13:39:08 https://i.pximg.net/c/128x128/img-master/img/2023/02/26/00/00/37/105711387_p0_square1200.jpg 200 {0xc001230f00}
2023/12/16 13:39:09 Error Get "https://i.pximg.net/img-original/img/2023/02/26/00/00/37/105711387_p0.jpg": EOF https://i.pximg.net/img-original/img/2023/02/26/00/00/37/105711387_p0.jpg
2023/12/16 13:39:09 105537902
2023/12/16 13:39:10 Request failed  Get "https://www.pixiv.net/ajax/illust/105537902/pages": EOF
2023/12/16 13:39:10 103015306
2023/12/16 13:39:12 Request failed  Get "https://www.pixiv.net/ajax/illust/103015306/pages": EOF
2023/12/16 13:39:12 105392119
2023/12/16 13:39:14 Request failed  Get "https://www.pixiv.net/ajax/illust/105392119/pages": EOF
2023/12/16 13:39:14 93921202
2023/12/16 13:39:16 Request failed  Get "https://www.pixiv.net/ajax/illust/93921202/pages": EOF
2023/12/16 13:39:16 94463296
2023/12/16 13:39:18 Request failed  Get "https://www.pixiv.net/ajax/illust/94463296/pages": EOF
2023/12/16 13:39:18 106680921
2023/12/16 13:39:20 [https://i.pximg.net/img-original/img/2023/03/30/00/00/31/106680921_p0.jpg]
2023/12/16 13:39:21 https://i.pximg.net/c/128x128/img-master/img/2023/03/30/00/00/31/106680921_p0_square1200.jpg 200 {0xc000a99800}
2023/12/16 13:39:22 106436308
2023/12/16 13:39:23 [https://i.pximg.net/img-original/img/2023/03/22/00/01/16/106436308_p0.jpg]
2023/12/16 13:39:24 Error Get "https://i.pximg.net/c/128x128/img-master/img/2023/03/22/00/01/16/106436308_p0_square1200.jpg": EOF https://i.pximg.net/c/128x128/img-master/img/2023/03/22/00/01/16/106436308_p0_square1200.jpg
2023/12/16 13:39:24 105537894
2023/12/16 13:39:26 [https://i.pximg.net/img-original/img/2023/02/20/00/00/36/105537894_p0.jpg]
2023/12/16 13:39:26 https://i.pximg.net/c/128x128/img-master/img/2023/02/20/00/00/36/105537894_p0_square1200.jpg 200 {0xc001230900}
2023/12/16 13:39:28 105290732
2023/12/16 13:39:29 Request failed  Get "https://www.pixiv.net/ajax/illust/105290732": EOF
2023/12/16 13:39:29 105059754
2023/12/16 13:39:30 [https://i.pximg.net/img-original/img/2023/02/04/00/00/45/105059754_p0.jpg]
2023/12/16 13:39:31 https://i.pximg.net/c/128x128/img-master/img/2023/02/04/00/00/45/105059754_p0_square1200.jpg 200 {0xc000003b00}
2023/12/16 13:39:34 104835846
2023/12/16 13:39:35 Request failed  Get "https://www.pixiv.net/ajax/illust/104835846": EOF
2023/12/16 13:39:35 92334469
2023/12/16 13:39:37 Request failed  Get "https://www.pixiv.net/ajax/illust/92334469/pages": EOF
2023/12/16 13:39:37 105652392
2023/12/16 13:39:39 Request failed  Get "https://www.pixiv.net/ajax/illust/105652392/pages": EOF
2023/12/16 13:39:39 105537918
2023/12/16 13:39:41 [https://i.pximg.net/img-original/img/2023/02/20/00/00/45/105537918_p0.jpg]
2023/12/16 13:39:41 https://i.pximg.net/c/128x128/img-master/img/2023/02/20/00/00/45/105537918_p0_square1200.jpg 200 {0xc001882300}
2023/12/16 13:39:43 105537876
2023/12/16 13:39:45 Request failed  Get "https://www.pixiv.net/ajax/illust/105537876/pages": EOF
2023/12/16 13:39:45 105537870
2023/12/16 13:39:46 [https://i.pximg.net/img-original/img/2023/02/20/00/00/27/105537870_p0.jpg]
2023/12/16 13:39:47 https://i.pximg.net/c/128x128/img-master/img/2023/02/20/00/00/27/105537870_p0_square1200.jpg 200 {0xc00194ac00}
2023/12/16 13:39:49 102773092
2023/12/16 13:39:51 Request failed  Get "https://www.pixiv.net/ajax/illust/102773092/pages": EOF
2023/12/16 13:39:51 101887242
2023/12/16 13:39:53 Request failed  Get "https://www.pixiv.net/ajax/illust/101887242/pages": EOF
2023/12/16 13:39:53 105953015
2023/12/16 13:39:55 [https://i.pximg.net/img-original/img/2023/03/06/00/01/07/105953015_p0.jpg]
2023/12/16 13:39:56 https://i.pximg.net/c/128x128/img-master/img/2023/03/06/00/01/07/105953015_p0_square1200.jpg 200 {0xc001d9a300}
2023/12/16 13:39:57 105773666
2023/12/16 13:39:58 Request failed  Get "https://www.pixiv.net/ajax/illust/105773666": EOF
2023/12/16 13:39:58 105537915
2023/12/16 13:39:59 [https://i.pximg.net/img-original/img/2023/02/20/00/00/44/105537915_p0.jpg]
2023/12/16 13:40:00 https://i.pximg.net/c/128x128/img-master/img/2023/02/20/00/00/44/105537915_p0_square1200.jpg 200 {0xc000a99c80}
2023/12/16 13:40:01 Error Get "https://i.pximg.net/img-original/img/2023/02/20/00/00/44/105537915_p0.jpg": EOF https://i.pximg.net/img-original/img/2023/02/20/00/00/44/105537915_p0.jpg
2023/12/16 13:40:01 105537885
2023/12/16 13:40:03 [https://i.pximg.net/img-original/img/2023/02/20/00/00/33/105537885_p0.jpg]
2023/12/16 13:40:04 Error Get "https://i.pximg.net/c/128x128/img-master/img/2023/02/20/00/00/33/105537885_p0_square1200.jpg": EOF https://i.pximg.net/c/128x128/img-master/img/2023/02/20/00/00/33/105537885_p0_square1200.jpg
2023/12/16 13:40:04 105447350
2023/12/16 13:40:05 [https://i.pximg.net/img-original/img/2023/02/17/00/00/22/105447350_p0.jpg]
2023/12/16 13:40:07 https://i.pximg.net/c/128x128/img-master/img/2023/02/17/00/00/22/105447350_p0_square1200.jpg 200 {0xc000a98900}
2023/12/16 13:40:07 Error Get "https://i.pximg.net/img-original/img/2023/02/17/00/00/22/105447350_p0.jpg": EOF https://i.pximg.net/img-original/img/2023/02/17/00/00/22/105447350_p0.jpg
2023/12/16 13:40:07 93990476
2023/12/16 13:50:40 http://127.0.0.1:10811
2023/12/16 13:50:45 [https://i.pximg.net/img-original/img/2023/03/18/00/01/20/106307478_p0.jpg]
2023/12/16 13:50:47 Error Get "https://i.pximg.net/c/128x128/img-master/img/2023/03/18/00/01/20/106307478_p0_square1200.jpg": EOF https://i.pximg.net/c/128x128/img-master/img/2023/03/18/00/01/20/106307478_p0_square1200.jpg
2023/12/16 13:50:48 [https://i.pximg.net/img-original/img/2023/02/28/00/00/34/105773666_p0.jpg]
2023/12/16 13:50:50 https://i.pximg.net/c/128x128/img-master/img/2023/02/28/00/00/34/105773666_p0_square1200.jpg 200 {0xc000d74600}
2023/12/16 13:50:53 [https://i.pximg.net/img-original/img/2023/01/28/00/00/26/104861618_p0.jpg]
2023/12/16 13:50:54 https://i.pximg.net/c/128x128/img-master/img/2023/01/28/00/00/26/104861618_p0_square1200.jpg 200 {0xc000003080}
2023/12/16 13:50:58 [https://i.pximg.net/img-original/img/2023/04/08/00/00/38/106962237_p0.jpg]
2023/12/16 13:51:00 https://i.pximg.net/c/128x128/img-master/img/2023/04/08/00/00/38/106962237_p0_square1200.jpg 200 {0xc000003680}
2023/12/16 13:51:04 [https://i.pximg.net/img-original/img/2023/02/26/00/00/37/105711387_p0.jpg]
2023/12/16 13:51:05 Error Get "https://i.pximg.net/c/128x128/img-master/img/2023/02/26/00/00/37/105711387_p0_square1200.jpg": EOF https://i.pximg.net/c/128x128/img-master/img/2023/02/26/00/00/37/105711387_p0_square1200.jpg
2023/12/16 13:51:07 [https://i.pximg.net/img-original/img/2023/01/27/00/00/38/104835846_p0.jpg]
2023/12/16 13:51:08 https://i.pximg.net/c/128x128/img-master/img/2023/01/27/00/00/38/104835846_p0_square1200.jpg 200 {0xc0013f6900}
2023/12/16 13:54:50 http://127.0.0.1:10811
2023/12/16 13:54:53 40
2023/12/16 13:55:58 http://127.0.0.1:10811
2023/12/16 13:57:19 40
2023/12/16 13:57:21 [https://i.pximg.net/img-original/img/2023/04/09/00/01/43/106996062_p0.jpg]
2023/12/16 13:57:29 [https://i.pximg.net/img-original/img/2022/11/04/13/35/13/102502585_p0.jpg]
2023/12/16 13:57:35 [https://i.pximg.net/img-original/img/2022/10/13/00/00/03/101887242_p0.jpg]
2023/12/16 13:57:41 [https://i.pximg.net/img-original/img/2023/04/08/00/00/25/106962190_p0.jpg]
2023/12/16 13:57:47 [https://i.pximg.net/img-original/img/2023/02/20/00/00/41/105537907_p0.jpg]
2023/12/16 13:57:56 [https://i.pximg.net/img-original/img/2023/01/28/00/00/26/104861618_p0.jpg]
2023/12/16 13:58:01 [https://i.pximg.net/img-original/img/2023/02/04/00/00/45/105059754_p0.jpg]
2023/12/16 13:58:04 Error Get "https://i.pximg.net/img-original/img/2023/02/04/00/00/45/105059754_p0.jpg": EOF https://i.pximg.net/img-original/img/2023/02/04/00/00/45/105059754_p0.jpg
2023/12/16 13:58:06 [https://i.pximg.net/img-original/img/2023/01/27/00/00/38/104835846_p0.jpg]
2023/12/16 14:00:34 http://127.0.0.1:10811
2023/12/16 14:01:49 40
2023/12/16 14:01:51 [https://i.pximg.net/img-original/img/2023/02/28/00/00/34/105773666_p0.jpg]
2023/12/16 14:01:59 [https://i.pximg.net/img-original/img/2023/02/20/00/00/41/105537907_p0.jpg]
2023/12/16 14:02:05 Request failed  Get "https://www.pixiv.net/ajax/illust/93921202": EOF
2023/12/16 14:06:52 http://127.0.0.1:10811
2023/12/16 14:06:56 40
2023/12/16 14:07:00 [https://i.pximg.net/img-original/img/2023/03/30/00/00/31/106680921_p0.jpg]
2023/12/16 14:07:07 [https://i.pximg.net/img-original/img/2023/02/20/00/00/41/105537907_p0.jpg]
2023/12/16 14:07:11 [https://i.pximg.net/img-original/img/2022/11/04/13/35/13/102502585_p0.jpg]
2023/12/16 14:07:21 [https://i.pximg.net/img-original/img/2022/10/13/00/00/03/101887242_p0.jpg]
2023/12/16 14:07:26 [https://i.pximg.net/img-original/img/2021/06/09/00/00/10/90423546_p0.png]
2023/12/16 14:07:33 [https://i.pximg.net/img-original/img/2023/02/20/00/00/30/105537876_p0.jpg]
2023/12/16 14:07:40 [https://i.pximg.net/img-original/img/2023/01/28/00/00/26/104861618_p0.jpg]
2023/12/16 14:07:45 [https://i.pximg.net/img-original/img/2023/02/24/00/00/20/105652392_p0.jpg]
2023/12/16 14:07:52 [https://i.pximg.net/img-original/img/2022/01/26/12/04/20/95783683_p0.jpg]
2023/12/16 14:07:58 [https://i.pximg.net/img-original/img/2023/04/09/00/01/43/106996062_p0.jpg]
2023/12/16 14:08:04 [https://i.pximg.net/img-original/img/2023/04/08/00/00/38/106962237_p0.jpg]
2023/12/16 14:08:10 [https://i.pximg.net/img-original/img/2023/01/12/00/00/13/104442125_p0.jpg]
2023/12/16 14:08:15 [https://i.pximg.net/img-original/img/2022/11/23/00/00/15/103015306_p0.jpg]
2023/12/16 14:08:20 [https://i.pximg.net/img-original/img/2021/11/30/00/00/06/94463296_p0.jpg]
2023/12/16 14:13:10 http://127.0.0.1:10811
2023/12/16 14:14:02 http://127.0.0.1:10811
2023/12/16 14:14:04 40
2023/12/16 14:14:07 [https://i.pximg.net/img-original/img/2023/02/24/00/00/20/105652392_p0.jpg]
2023/12/16 14:14:15 [https://i.pximg.net/img-original/img/2023/03/06/00/01/07/105953015_p0.jpg]
2023/12/16 14:14:22 [https://i.pximg.net/img-original/img/2023/03/22/00/01/16/106436308_p0.jpg]
2023/12/16 14:14:29 [https://i.pximg.net/img-original/img/2023/03/18/00/01/20/106307478_p0.jpg]
2023/12/16 14:14:36 [https://i.pximg.net/img-original/img/2023/02/20/00/00/33/105537885_p0.jpg]
2023/12/16 14:14:42 [https://i.pximg.net/img-original/img/2023/02/15/00/00/42/105392119_p0.jpg]
2023/12/16 14:14:51 [https://i.pximg.net/img-original/img/2022/11/04/13/35/13/102502585_p0.jpg]
2023/12/16 14:14:59 Request failed  Get "https://www.pixiv.net/ajax/illust/106962190": EOF
2023/12/16 14:15:02 [https://i.pximg.net/img-original/img/2023/02/04/00/00/45/105059754_p0.jpg]
2023/12/16 14:15:12 [https://i.pximg.net/img-original/img/2023/01/28/00/00/26/104861618_p0.jpg]
2023/12/16 14:15:18 [https://i.pximg.net/img-original/img/2023/03/14/00/01/14/106191960_p0.jpg]
2023/12/16 14:15:23 [https://i.pximg.net/img-original/img/2023/02/26/00/00/37/105711387_p0.jpg]
2023/12/16 14:15:28 [https://i.pximg.net/img-original/img/2023/02/20/00/00/44/105537915_p0.jpg]
2023/12/16 14:15:34 [https://i.pximg.net/img-original/img/2023/02/20/00/00/38/105537902_p0.jpg]
2023/12/16 14:15:43 [https://i.pximg.net/img-original/img/2023/02/17/00/00/22/105447350_p0.jpg]
2023/12/16 14:19:15 http://127.0.0.1:10811
2023/12/16 14:19:18 40
2023/12/16 14:19:22 [https://i.pximg.net/img-original/img/2023/03/30/00/00/31/106680921_p0.jpg]
2023/12/16 14:19:27 Request failed  Get "https://www.pixiv.net/ajax/illust/106191960": EOF
2023/12/16 14:19:31 [https://i.pximg.net/img-original/img/2023/01/28/00/00/26/104861618_p0.jpg]
2023/12/16 14:19:38 [https://i.pximg.net/img-original/img/2023/01/27/00/00/38/104835846_p0.jpg]
2023/12/16 14:19:42 [https://i.pximg.net/img-original/img/2022/11/23/00/00/15/103015306_p0.jpg]
2023/12/16 14:19:46 [https://i.pximg.net/img-original/img/2022/11/14/00/00/08/102773092_p0.jpg]
2023/12/16 14:19:52 [https://i.pximg.net/img-original/img/2023/02/15/00/00/42/105392119_p0.jpg]
2023/12/16 14:19:57 [https://i.pximg.net/img-original/img/2023/01/12/00/00/13/104442125_p0.jpg]
2023/12/16 14:20:03 [https://i.pximg.net/img-original/img/2023/04/09/00/01/43/106996062_p0.jpg]
2023/12/16 14:20:07 [https://i.pximg.net/img-original/img/2023/03/18/00/01/20/106307478_p0.jpg]
2023/12/16 14:20:11 [https://i.pximg.net/img-original/img/2023/02/26/00/00/37/105711387_p0.jpg]
2023/12/16 14:20:17 [https://i.pximg.net/img-original/img/2023/02/20/00/00/45/105537918_p0.jpg]
2023/12/16 14:25:14 http://127.0.0.1:10811
2023/12/16 14:25:17 40
2023/12/16 14:25:20 [https://i.pximg.net/img-original/img/2023/03/18/00/01/20/106307478_p0.jpg]
2023/12/16 14:25:24 [https://i.pximg.net/img-original/img/2023/02/20/00/00/44/105537915_p0.jpg]
2023/12/16 14:25:29 [https://i.pximg.net/img-original/img/2023/01/28/00/00/26/104861618_p0.jpg]
2023/12/16 14:25:36 [https://i.pximg.net/img-original/img/2023/01/27/00/00/38/104835846_p0.jpg]
2023/12/16 14:25:41 [https://i.pximg.net/img-original/img/2022/11/04/13/35/13/102502585_p0.jpg]
2023/12/16 14:25:50 [https://i.pximg.net/img-original/img/2022/01/26/12/04/20/95783683_p0.jpg]
2023/12/16 14:25:59 [https://i.pximg.net/img-original/img/2023/04/09/00/01/43/106996062_p0.jpg]
2023/12/16 14:26:05 [https://i.pximg.net/img-original/img/2023/04/08/00/00/38/106962237_p0.jpg]
2023/12/16 14:26:10 [https://i.pximg.net/img-original/img/2023/03/16/00/00/54/106250192_p0.jpg]
2023/12/16 14:26:17 [https://i.pximg.net/img-original/img/2023/02/26/00/00/37/105711387_p0.jpg]
2023/12/16 14:26:24 [https://i.pximg.net/img-original/img/2023/02/20/00/00/45/105537918_p0.jpg]
2023/12/16 14:26:30 [https://i.pximg.net/img-original/img/2023/02/20/00/00/38/105537902_p0.jpg]
2023/12/16 14:26:35 Request failed  Get "https://www.pixiv.net/ajax/illust/93921202": EOF
2023/12/16 18:19:20 http://127.0.0.1:10811
2023/12/16 18:19:24 40
2023/12/16 18:19:26 [https://i.pximg.net/img-original/img/2023/02/20/00/00/30/105537876_p0.jpg]
2023/12/16 18:19:30 [https://i.pximg.net/img-original/img/2023/02/04/00/00/45/105059754_p0.jpg]
2023/12/16 18:19:35 [https://i.pximg.net/img-original/img/2023/03/22/00/01/16/106436308_p0.jpg]
2023/12/16 18:19:40 [https://i.pximg.net/img-original/img/2023/03/16/00/00/54/106250192_p0.jpg]
2023/12/16 18:19:45 [https://i.pximg.net/img-original/img/2023/03/06/00/01/07/105953015_p0.jpg]
2023/12/16 18:19:50 [https://i.pximg.net/img-original/img/2023/02/20/00/00/45/105537918_p0.jpg]
2023/12/16 18:19:54 [https://i.pximg.net/img-original/img/2023/02/20/00/00/38/105537902_p0.jpg]
2023/12/16 18:19:59 [https://i.pximg.net/img-original/img/2023/02/17/00/00/22/105447350_p0.jpg]
2023/12/16 18:20:04 [https://i.pximg.net/img-original/img/2022/10/13/00/00/03/101887242_p0.jpg]
2023/12/16 18:20:09 [https://i.pximg.net/img-original/img/2021/06/09/00/00/10/90423546_p0.png]
2023/12/16 18:20:13 [https://i.pximg.net/img-original/img/2023/02/26/00/00/37/105711387_p0.jpg]
2023/12/16 18:20:18 [https://i.pximg.net/img-original/img/2023/02/12/00/00/39/105290732_p0.jpg]
2023/12/16 18:20:22 [https://i.pximg.net/img-original/img/2023/01/27/00/00/38/104835846_p0.jpg]
2023/12/16 18:20:25 [https://i.pximg.net/img-original/img/2022/11/04/13/35/13/102502585_p0.jpg]
2023/12/16 18:23:47 http://127.0.0.1:10811
2023/12/16 18:28:41 http://127.0.0.1:10811
2023/12/16 18:30:23 40
2023/12/16 18:30:29 http://127.0.0.1:10811
2023/12/16 18:30:32 40
2023/12/16 18:30:34 [https://i.pximg.net/img-original/img/2023/04/08/00/00/25/106962190_p0.jpg]
2023/12/16 18:30:38 [https://i.pximg.net/img-original/img/2023/03/30/00/00/31/106680921_p0.jpg]
2023/12/16 18:30:42 [https://i.pximg.net/img-original/img/2023/02/20/00/00/44/105537915_p0.jpg]
2023/12/16 18:30:46 [https://i.pximg.net/img-original/img/2023/02/20/00/00/27/105537870_p0.jpg]
2023/12/16 18:31:23 http://127.0.0.1:10811
2023/12/16 18:31:27 status code  404
2023/12/16 18:34:54 http://127.0.0.1:10811
2023/12/16 18:37:58 Request failed  Get "https://www.pixiv.net/ajax/illust/103157416": proxyconnect tcp: dial tcp 127.0.0.1:10811: connectex: No connection could be made because the target machine actively refused it.
2023/12/16 18:39:07 http://127.0.0.1:10811
2023/12/16 18:39:10 status code  404
2023/12/16 18:39:40 http://127.0.0.1:10811
2023/12/16 18:39:42 status code  404
2023/12/16 18:42:25 http://127.0.0.1:10811
2023/12/16 18:42:35 status code  404
2023/12/16 18:42:35 []
2023/12/16 18:43:15 http://127.0.0.1:10811
2023/12/16 18:43:21 status code  404
2023/12/16 18:49:38 http://127.0.0.1:10811
2023/12/16 18:49:45 status code  404
2023/12/16 18:49:45 []
2023/12/16 22:28:43 http://127.0.0.1:10811
2023/12/16 22:28:48 40
2023/12/16 22:28:50 [{"urls":{"thumb_mini":"https:\/\/i.pximg.net\/c\/128x128\/img-master\/img\/2023\/02\/20\/00\/00\/44\/105537915_p0_square1200.jpg","small":"https:\/\/i.pximg.net\/c\/540x540_70\/img-master\/img\/2023\/02\/20\/00\/00\/44\/105537915_p0_master1200.jpg","regular":"https:\/\/i.pximg.net\/img-master\/img\/2023\/02\/20\/00\/00\/44\/105537915_p0_master1200.jpg","original":"https:\/\/i.pximg.net\/img-original\/img\/2023\/02\/20\/00\/00\/44\/105537915_p0.jpg"},"width":654,"height":1200}]
2023/12/16 22:28:50 [https://i.pximg.net/img-original/img/2023/02/20/00/00/44/105537915_p0.jpg]
2023/12/16 22:28:58 [{"urls":{"thumb_mini":"https:\/\/i.pximg.net\/c\/128x128\/img-master\/img\/2023\/02\/20\/00\/00\/30\/105537876_p0_square1200.jpg","small":"https:\/\/i.pximg.net\/c\/540x540_70\/img-master\/img\/2023\/02\/20\/00\/00\/30\/105537876_p0_master1200.jpg","regular":"https:\/\/i.pximg.net\/img-master\/img\/2023\/02\/20\/00\/00\/30\/105537876_p0_master1200.jpg","original":"https:\/\/i.pximg.net\/img-original\/img\/2023\/02\/20\/00\/00\/30\/105537876_p0.jpg"},"width":2217,"height":4096}]
2023/12/16 22:28:58 [https://i.pximg.net/img-original/img/2023/02/20/00/00/30/105537876_p0.jpg]
2023/12/16 22:29:06 [{"urls":{"thumb_mini":"https:\/\/i.pximg.net\/c\/128x128\/img-master\/img\/2023\/02\/12\/00\/00\/39\/105290732_p0_square1200.jpg","small":"https:\/\/i.pximg.net\/c\/540x540_70\/img-master\/img\/2023\/02\/12\/00\/00\/39\/105290732_p0_master1200.jpg","regular":"https:\/\/i.pximg.net\/img-master\/img\/2023\/02\/12\/00\/00\/39\/105290732_p0_master1200.jpg","original":"https:\/\/i.pximg.net\/img-original\/img\/2023\/02\/12\/00\/00\/39\/105290732_p0.jpg"},"width":1500,"height":2641}]
2023/12/16 22:29:06 [https://i.pximg.net/img-original/img/2023/02/12/00/00/39/105290732_p0.jpg]
2023/12/16 22:29:09 Error Get "https://i.pximg.net/img-original/img/2023/02/12/00/00/39/105290732_p0.jpg": EOF https://i.pximg.net/img-original/img/2023/02/12/00/00/39/105290732_p0.jpg
2023/12/16 22:29:11 [{"urls":{"thumb_mini":"https:\/\/i.pximg.net\/c\/128x128\/img-master\/img\/2021\/06\/09\/00\/00\/10\/90423546_p0_square1200.jpg","small":"https:\/\/i.pximg.net\/c\/540x540_70\/img-master\/img\/2021\/06\/09\/00\/00\/10\/90423546_p0_master1200.jpg","regular":"https:\/\/i.pximg.net\/img-master\/img\/2021\/06\/09\/00\/00\/10\/90423546_p0_master1200.jpg","original":"https:\/\/i.pximg.net\/img-original\/img\/2021\/06\/09\/00\/00\/10\/90423546_p0.png"},"width":1649,"height":2206}]
2023/12/16 22:29:11 [https://i.pximg.net/img-original/img/2021/06/09/00/00/10/90423546_p0.png]
2023/12/16 22:29:19 Request failed  Get "https://www.pixiv.net/ajax/illust/106191960/pages": EOF
2023/12/16 22:29:22 [{"urls":{"thumb_mini":"https:\/\/i.pximg.net\/c\/128x128\/img-master\/img\/2023\/02\/20\/00\/00\/27\/105537870_p0_square1200.jpg","small":"https:\/\/i.pximg.net\/c\/540x540_70\/img-master\/img\/2023\/02\/20\/00\/00\/27\/105537870_p0_master1200.jpg","regular":"https:\/\/i.pximg.net\/img-master\/img\/2023\/02\/20\/00\/00\/27\/105537870_p0_master1200.jpg","original":"https:\/\/i.pximg.net\/img-original\/img\/2023\/02\/20\/00\/00\/27\/105537870_p0.jpg"},"width":3364,"height":2777}]
2023/12/16 22:29:22 [https://i.pximg.net/img-original/img/2023/02/20/00/00/27/105537870_p0.jpg]
2023/12/16 22:29:32 [{"urls":{"thumb_mini":"https:\/\/i.pximg.net\/c\/128x128\/img-master\/img\/2023\/01\/12\/00\/00\/13\/104442125_p0_square1200.jpg","small":"https:\/\/i.pximg.net\/c\/540x540_70\/img-master\/img\/2023\/01\/12\/00\/00\/13\/104442125_p0_master1200.jpg","regular":"https:\/\/i.pximg.net\/img-master\/img\/2023\/01\/12\/00\/00\/13\/104442125_p0_master1200.jpg","original":"https:\/\/i.pximg.net\/img-original\/img\/2023\/01\/12\/00\/00\/13\/104442125_p0.jpg"},"width":2577,"height":3621}]
2023/12/16 22:29:32 [https://i.pximg.net/img-original/img/2023/01/12/00/00/13/104442125_p0.jpg]
2023/12/16 22:29:42 [{"urls":{"thumb_mini":"https:\/\/i.pximg.net\/c\/128x128\/img-master\/img\/2023\/02\/20\/00\/00\/38\/105537902_p0_square1200.jpg","small":"https:\/\/i.pximg.net\/c\/540x540_70\/img-master\/img\/2023\/02\/20\/00\/00\/38\/105537902_p0_master1200.jpg","regular":"https:\/\/i.pximg.net\/img-master\/img\/2023\/02\/20\/00\/00\/38\/105537902_p0_master1200.jpg","original":"https:\/\/i.pximg.net\/img-original\/img\/2023\/02\/20\/00\/00\/38\/105537902_p0.jpg"},"width":2372,"height":3563}]
2023/12/16 22:29:42 [https://i.pximg.net/img-original/img/2023/02/20/00/00/38/105537902_p0.jpg]
2023/12/16 22:29:54 Request failed  Get "https://www.pixiv.net/ajax/illust/105392119/pages": EOF
2023/12/16 22:29:58 [{"urls":{"thumb_mini":"https:\/\/i.pximg.net\/c\/128x128\/img-master\/img\/2022\/11\/04\/13\/35\/13\/102502585_p0_square1200.jpg","small":"https:\/\/i.pximg.net\/c\/540x540_70\/img-master\/img\/2022\/11\/04\/13\/35\/13\/102502585_p0_master1200.jpg","regular":"https:\/\/i.pximg.net\/img-master\/img\/2022\/11\/04\/13\/35\/13\/102502585_p0_master1200.jpg","original":"https:\/\/i.pximg.net\/img-original\/img\/2022\/11\/04\/13\/35\/13\/102502585_p0.jpg"},"width":5741,"height":3254}]
2023/12/16 22:29:58 [https://i.pximg.net/img-original/img/2022/11/04/13/35/13/102502585_p0.jpg]
2023/12/16 22:30:08 [{"urls":{"thumb_mini":"https:\/\/i.pximg.net\/c\/128x128\/img-master\/img\/2021\/11\/30\/00\/00\/06\/94463296_p0_square1200.jpg","small":"https:\/\/i.pximg.net\/c\/540x540_70\/img-master\/img\/2021\/11\/30\/00\/00\/06\/94463296_p0_master1200.jpg","regular":"https:\/\/i.pximg.net\/img-master\/img\/2021\/11\/30\/00\/00\/06\/94463296_p0_master1200.jpg","original":"https:\/\/i.pximg.net\/img-original\/img\/2021\/11\/30\/00\/00\/06\/94463296_p0.jpg"},"width":1518,"height":2073}]
2023/12/16 22:30:08 [https://i.pximg.net/img-original/img/2021/11/30/00/00/06/94463296_p0.jpg]
2023/12/17 00:48:17 http://127.0.0.1:10811
2023/12/17 00:48:27 40
2023/12/17 00:48:29 [{"urls":{"thumb_mini":"https:\/\/i.pximg.net\/c\/128x128\/img-master\/img\/2023\/02\/24\/00\/00\/20\/105652392_p0_square1200.jpg","small":"https:\/\/i.pximg.net\/c\/540x540_70\/img-master\/img\/2023\/02\/24\/00\/00\/20\/105652392_p0_master1200.jpg","regular":"https:\/\/i.pximg.net\/img-master\/img\/2023\/02\/24\/00\/00\/20\/105652392_p0_master1200.jpg","original":"https:\/\/i.pximg.net\/img-original\/img\/2023\/02\/24\/00\/00\/20\/105652392_p0.jpg"},"width":1510,"height":2572}]
2023/12/17 00:48:29 [https://i.pximg.net/img-original/img/2023/02/24/00/00/20/105652392_p0.jpg]
2023/12/17 00:52:15 http://127.0.0.1:10811
2023/12/17 00:52:20 40
2023/12/17 00:52:24 [{"urls":{"thumb_mini":"https:\/\/i.pximg.net\/c\/128x128\/img-master\/img\/2023\/04\/08\/00\/00\/38\/106962237_p0_square1200.jpg","small":"https:\/\/i.pximg.net\/c\/540x540_70\/img-master\/img\/2023\/04\/08\/00\/00\/38\/106962237_p0_master1200.jpg","regular":"https:\/\/i.pximg.net\/img-master\/img\/2023\/04\/08\/00\/00\/38\/106962237_p0_master1200.jpg","original":"https:\/\/i.pximg.net\/img-original\/img\/2023\/04\/08\/00\/00\/38\/106962237_p0.jpg"},"width":504,"height":900}]
2023/12/17 00:52:24 [https://i.pximg.net/img-original/img/2023/04/08/00/00/38/106962237_p0.jpg]
2023/12/17 00:52:32 [{"urls":{"thumb_mini":"https:\/\/i.pximg.net\/c\/128x128\/img-master\/img\/2023\/02\/20\/00\/00\/27\/105537870_p0_square1200.jpg","small":"https:\/\/i.pximg.net\/c\/540x540_70\/img-master\/img\/2023\/02\/20\/00\/00\/27\/105537870_p0_master1200.jpg","regular":"https:\/\/i.pximg.net\/img-master\/img\/2023\/02\/20\/00\/00\/27\/105537870_p0_master1200.jpg","original":"https:\/\/i.pximg.net\/img-original\/img\/2023\/02\/20\/00\/00\/27\/105537870_p0.jpg"},"width":3364,"height":2777}]
2023/12/17 00:52:32 [https://i.pximg.net/img-original/img/2023/02/20/00/00/27/105537870_p0.jpg]
2023/12/17 00:52:40 [{"urls":{"thumb_mini":"https:\/\/i.pximg.net\/c\/128x128\/img-master\/img\/2023\/01\/12\/00\/00\/13\/104442125_p0_square1200.jpg","small":"https:\/\/i.pximg.net\/c\/540x540_70\/img-master\/img\/2023\/01\/12\/00\/00\/13\/104442125_p0_master1200.jpg","regular":"https:\/\/i.pximg.net\/img-master\/img\/2023\/01\/12\/00\/00\/13\/104442125_p0_master1200.jpg","original":"https:\/\/i.pximg.net\/img-original\/img\/2023\/01\/12\/00\/00\/13\/104442125_p0.jpg"},"width":2577,"height":3621}]
2023/12/17 00:52:40 [https://i.pximg.net/img-original/img/2023/01/12/00/00/13/104442125_p0.jpg]
2023/12/17 00:52:50 [{"urls":{"thumb_mini":"https:\/\/i.pximg.net\/c\/128x128\/img-master\/img\/2022\/11\/23\/00\/00\/15\/103015306_p0_square1200.jpg","small":"https:\/\/i.pximg.net\/c\/540x540_70\/img-master\/img\/2022\/11\/23\/00\/00\/15\/103015306_p0_master1200.jpg","regular":"https:\/\/i.pximg.net\/img-master\/img\/2022\/11\/23\/00\/00\/15\/103015306_p0_master1200.jpg","original":"https:\/\/i.pximg.net\/img-original\/img\/2022\/11\/23\/00\/00\/15\/103015306_p0.jpg"},"width":1383,"height":2660}]
2023/12/17 00:52:50 [https://i.pximg.net/img-original/img/2022/11/23/00/00/15/103015306_p0.jpg]
2023/12/17 00:52:55 [{"urls":{"thumb_mini":"https:\/\/i.pximg.net\/c\/128x128\/img-master\/img\/2022\/11\/14\/00\/00\/08\/102773092_p0_square1200.jpg","small":"https:\/\/i.pximg.net\/c\/540x540_70\/img-master\/img\/2022\/11\/14\/00\/00\/08\/102773092_p0_master1200.jpg","regular":"https:\/\/i.pximg.net\/img-master\/img\/2022\/11\/14\/00\/00\/08\/102773092_p0_master1200.jpg","original":"https:\/\/i.pximg.net\/img-original\/img\/2022\/11\/14\/00\/00\/08\/102773092_p0.jpg"},"width":1500,"height":3000}]
2023/12/17 00:52:55 [https://i.pximg.net/img-original/img/2022/11/14/00/00/08/102773092_p0.jpg]
2023/12/17 00:53:02 [{"urls":{"thumb_mini":"https:\/\/i.pximg.net\/c\/128x128\/img-master\/img\/2022\/01\/26\/12\/04\/20\/95783683_p0_square1200.jpg","small":"https:\/\/i.pximg.net\/c\/540x540_70\/img-master\/img\/2022\/01\/26\/12\/04\/20\/95783683_p0_master1200.jpg","regular":"https:\/\/i.pximg.net\/img-master\/img\/2022\/01\/26\/12\/04\/20\/95783683_p0_master1200.jpg","original":"https:\/\/i.pximg.net\/img-original\/img\/2022\/01\/26\/12\/04\/20\/95783683_p0.jpg"},"width":1408,"height":2732}]
2023/12/17 00:53:02 [https://i.pximg.net/img-original/img/2022/01/26/12/04/20/95783683_p0.jpg]
2023/12/17 00:53:09 [{"urls":{"thumb_mini":"https:\/\/i.pximg.net\/c\/128x128\/img-master\/img\/2023\/03\/18\/00\/01\/20\/106307478_p0_square1200.jpg","small":"https:\/\/i.pximg.net\/c\/540x540_70\/img-master\/img\/2023\/03\/18\/00\/01\/20\/106307478_p0_master1200.jpg","regular":"https:\/\/i.pximg.net\/img-master\/img\/2023\/03\/18\/00\/01\/20\/106307478_p0_master1200.jpg","original":"https:\/\/i.pximg.net\/img-original\/img\/2023\/03\/18\/00\/01\/20\/106307478_p0.jpg"},"width":1911,"height":3544}]
2023/12/17 00:53:09 [https://i.pximg.net/img-original/img/2023/03/18/00/01/20/106307478_p0.jpg]
2023/12/17 00:53:14 [{"urls":{"thumb_mini":"https:\/\/i.pximg.net\/c\/128x128\/img-master\/img\/2023\/02\/28\/00\/00\/34\/105773666_p0_square1200.jpg","small":"https:\/\/i.pximg.net\/c\/540x540_70\/img-master\/img\/2023\/02\/28\/00\/00\/34\/105773666_p0_master1200.jpg","regular":"https:\/\/i.pximg.net\/img-master\/img\/2023\/02\/28\/00\/00\/34\/105773666_p0_master1200.jpg","original":"https:\/\/i.pximg.net\/img-original\/img\/2023\/02\/28\/00\/00\/34\/105773666_p0.jpg"},"width":1975,"height":3248}]
2023/12/17 00:53:14 [https://i.pximg.net/img-original/img/2023/02/28/00/00/34/105773666_p0.jpg]
2023/12/17 00:53:20 Request failed  Get "https://www.pixiv.net/ajax/illust/105537885": EOF
2023/12/17 00:53:22 [{"urls":{"thumb_mini":"https:\/\/i.pximg.net\/c\/128x128\/img-master\/img\/2023\/01\/27\/00\/00\/38\/104835846_p0_square1200.jpg","small":"https:\/\/i.pximg.net\/c\/540x540_70\/img-master\/img\/2023\/01\/27\/00\/00\/38\/104835846_p0_master1200.jpg","regular":"https:\/\/i.pximg.net\/img-master\/img\/2023\/01\/27\/00\/00\/38\/104835846_p0_master1200.jpg","original":"https:\/\/i.pximg.net\/img-original\/img\/2023\/01\/27\/00\/00\/38\/104835846_p0.jpg"},"width":2209,"height":3092}]
2023/12/17 00:53:22 [https://i.pximg.net/img-original/img/2023/01/27/00/00/38/104835846_p0.jpg]
2023/12/17 00:53:30 [{"urls":{"thumb_mini":"https:\/\/i.pximg.net\/c\/128x128\/img-master\/img\/2021\/06\/09\/00\/00\/10\/90423546_p0_square1200.jpg","small":"https:\/\/i.pximg.net\/c\/540x540_70\/img-master\/img\/2021\/06\/09\/00\/00\/10\/90423546_p0_master1200.jpg","regular":"https:\/\/i.pximg.net\/img-master\/img\/2021\/06\/09\/00\/00\/10\/90423546_p0_master1200.jpg","original":"https:\/\/i.pximg.net\/img-original\/img\/2021\/06\/09\/00\/00\/10\/90423546_p0.png"},"width":1649,"height":2206}]
2023/12/17 00:53:30 [https://i.pximg.net/img-original/img/2021/06/09/00/00/10/90423546_p0.png]
2023/12/17 00:56:06 http://127.0.0.1:10811
2023/12/17 00:56:30 40
2023/12/17 00:56:31 [{"urls":{"thumb_mini":"https:\/\/i.pximg.net\/c\/128x128\/img-master\/img\/2021\/04\/17\/17\/54\/02\/89208321_p0_square1200.jpg","small":"https:\/\/i.pximg.net\/c\/540x540_70\/img-master\/img\/2021\/04\/17\/17\/54\/02\/89208321_p0_master1200.jpg","regular":"https:\/\/i.pximg.net\/img-master\/img\/2021\/04\/17\/17\/54\/02\/89208321_p0_master1200.jpg","original":"https:\/\/i.pximg.net\/img-original\/img\/2021\/04\/17\/17\/54\/02\/89208321_p0.png"},"width":5482,"height":4345}]
2023/12/17 00:56:31 [https://i.pximg.net/img-original/img/2021/04/17/17/54/02/89208321_p0.png]
2023/12/17 01:01:16 http://127.0.0.1:10811
2023/12/17 01:01:23 40
2023/12/17 01:01:27 [{"urls":{"thumb_mini":"https:\/\/i.pximg.net\/c\/128x128\/img-master\/img\/2023\/04\/09\/00\/01\/43\/106996062_p0_square1200.jpg","small":"https:\/\/i.pximg.net\/c\/540x540_70\/img-master\/img\/2023\/04\/09\/00\/01\/43\/106996062_p0_master1200.jpg","regular":"https:\/\/i.pximg.net\/img-master\/img\/2023\/04\/09\/00\/01\/43\/106996062_p0_master1200.jpg","original":"https:\/\/i.pximg.net\/img-original\/img\/2023\/04\/09\/00\/01\/43\/106996062_p0.jpg"},"width":1853,"height":3530}]
2023/12/17 01:01:27 [https://i.pximg.net/img-original/img/2023/04/09/00/01/43/106996062_p0.jpg]
2023/12/17 01:02:44 http://127.0.0.1:10811
2023/12/17 01:02:47 40
2023/12/17 01:02:50 [{"urls":{"thumb_mini":"https:\/\/i.pximg.net\/c\/128x128\/img-master\/img\/2023\/03\/06\/00\/01\/07\/105953015_p0_square1200.jpg","small":"https:\/\/i.pximg.net\/c\/540x540_70\/img-master\/img\/2023\/03\/06\/00\/01\/07\/105953015_p0_master1200.jpg","regular":"https:\/\/i.pximg.net\/img-master\/img\/2023\/03\/06\/00\/01\/07\/105953015_p0_master1200.jpg","original":"https:\/\/i.pximg.net\/img-original\/img\/2023\/03\/06\/00\/01\/07\/105953015_p0.jpg"},"width":1858,"height":3353}]
2023/12/17 01:02:50 [https://i.pximg.net/img-original/img/2023/03/06/00/01/07/105953015_p0.jpg]
2023/12/17 01:02:54 [{"urls":{"thumb_mini":"https:\/\/i.pximg.net\/c\/128x128\/img-master\/img\/2023\/02\/24\/00\/00\/20\/105652392_p0_square1200.jpg","small":"https:\/\/i.pximg.net\/c\/540x540_70\/img-master\/img\/2023\/02\/24\/00\/00\/20\/105652392_p0_master1200.jpg","regular":"https:\/\/i.pximg.net\/img-master\/img\/2023\/02\/24\/00\/00\/20\/105652392_p0_master1200.jpg","original":"https:\/\/i.pximg.net\/img-original\/img\/2023\/02\/24\/00\/00\/20\/105652392_p0.jpg"},"width":1510,"height":2572}]
2023/12/17 01:02:54 [https://i.pximg.net/img-original/img/2023/02/24/00/00/20/105652392_p0.jpg]
2023/12/17 01:03:01 [{"urls":{"thumb_mini":"https:\/\/i.pximg.net\/c\/128x128\/img-master\/img\/2023\/02\/20\/00\/00\/33\/105537885_p0_square1200.jpg","small":"https:\/\/i.pximg.net\/c\/540x540_70\/img-master\/img\/2023\/02\/20\/00\/00\/33\/105537885_p0_master1200.jpg","regular":"https:\/\/i.pximg.net\/img-master\/img\/2023\/02\/20\/00\/00\/33\/105537885_p0_master1200.jpg","original":"https:\/\/i.pximg.net\/img-original\/img\/2023\/02\/20\/00\/00\/33\/105537885_p0.jpg"},"width":2386,"height":3913}]
2023/12/17 01:03:01 [https://i.pximg.net/img-original/img/2023/02/20/00/00/33/105537885_p0.jpg]
2023/12/17 01:03:07 [{"urls":{"thumb_mini":"https:\/\/i.pximg.net\/c\/128x128\/img-master\/img\/2023\/02\/04\/00\/00\/45\/105059754_p0_square1200.jpg","small":"https:\/\/i.pximg.net\/c\/540x540_70\/img-master\/img\/2023\/02\/04\/00\/00\/45\/105059754_p0_master1200.jpg","regular":"https:\/\/i.pximg.net\/img-master\/img\/2023\/02\/04\/00\/00\/45\/105059754_p0_master1200.jpg","original":"https:\/\/i.pximg.net\/img-original\/img\/2023\/02\/04\/00\/00\/45\/105059754_p0.jpg"},"width":3407,"height":6000}]
2023/12/17 01:03:07 [https://i.pximg.net/img-original/img/2023/02/04/00/00/45/105059754_p0.jpg]
2023/12/17 01:03:15 [{"urls":{"thumb_mini":"https:\/\/i.pximg.net\/c\/128x128\/img-master\/img\/2023\/01\/28\/00\/00\/26\/104861618_p0_square1200.jpg","small":"https:\/\/i.pximg.net\/c\/540x540_70\/img-master\/img\/2023\/01\/28\/00\/00\/26\/104861618_p0_master1200.jpg","regular":"https:\/\/i.pximg.net\/img-master\/img\/2023\/01\/28\/00\/00\/26\/104861618_p0_master1200.jpg","original":"https:\/\/i.pximg.net\/img-original\/img\/2023\/01\/28\/00\/00\/26\/104861618_p0.jpg"},"width":2400,"height":3360}]
2023/12/17 01:03:15 [https://i.pximg.net/img-original/img/2023/01/28/00/00/26/104861618_p0.jpg]
2023/12/17 01:03:21 [{"urls":{"thumb_mini":"https:\/\/i.pximg.net\/c\/128x128\/img-master\/img\/2022\/11\/23\/00\/00\/15\/103015306_p0_square1200.jpg","small":"https:\/\/i.pximg.net\/c\/540x540_70\/img-master\/img\/2022\/11\/23\/00\/00\/15\/103015306_p0_master1200.jpg","regular":"https:\/\/i.pximg.net\/img-master\/img\/2022\/11\/23\/00\/00\/15\/103015306_p0_master1200.jpg","original":"https:\/\/i.pximg.net\/img-original\/img\/2022\/11\/23\/00\/00\/15\/103015306_p0.jpg"},"width":1383,"height":2660}]
2023/12/17 01:03:21 [https://i.pximg.net/img-original/img/2022/11/23/00/00/15/103015306_p0.jpg]
2023/12/17 01:06:07 http://127.0.0.1:10811
2023/12/17 01:06:45 http://127.0.0.1:10811
2023/12/17 01:06:53 40
2023/12/17 01:08:32 http://127.0.0.1:10811
2023/12/17 01:08:35 40
2023/12/17 01:08:59 http://127.0.0.1:10811
2023/12/17 01:09:10 40
2023/12/17 01:09:11 Request failed  Get "https://www.pixiv.net/ajax/illust/105652392": EOF
2023/12/17 01:09:28 http://127.0.0.1:10811
2023/12/17 01:09:30 40
2023/12/17 01:09:32 [{"urls":{"thumb_mini":"https:\/\/i.pximg.net\/c\/128x128\/img-master\/img\/2023\/02\/20\/00\/00\/41\/105537907_p0_square1200.jpg","small":"https:\/\/i.pximg.net\/c\/540x540_70\/img-master\/img\/2023\/02\/20\/00\/00\/41\/105537907_p0_master1200.jpg","regular":"https:\/\/i.pximg.net\/img-master\/img\/2023\/02\/20\/00\/00\/41\/105537907_p0_master1200.jpg","original":"https:\/\/i.pximg.net\/img-original\/img\/2023\/02\/20\/00\/00\/41\/105537907_p0.jpg"},"width":1500,"height":2799}]
2023/12/17 01:09:32 [https://i.pximg.net/img-original/img/2023/02/20/00/00/41/105537907_p0.jpg]
2023/12/17 01:09:34 [{"urls":{"thumb_mini":"https:\/\/i.pximg.net\/c\/128x128\/img-master\/img\/2023\/02\/20\/00\/00\/36\/105537894_p0_square1200.jpg","small":"https:\/\/i.pximg.net\/c\/540x540_70\/img-master\/img\/2023\/02\/20\/00\/00\/36\/105537894_p0_master1200.jpg","regular":"https:\/\/i.pximg.net\/img-master\/img\/2023\/02\/20\/00\/00\/36\/105537894_p0_master1200.jpg","original":"https:\/\/i.pximg.net\/img-original\/img\/2023\/02\/20\/00\/00\/36\/105537894_p0.jpg"},"width":1500,"height":2674}]
2023/12/17 01:09:34 [https://i.pximg.net/img-original/img/2023/02/20/00/00/36/105537894_p0.jpg]
2023/12/17 01:09:36 [{"urls":{"thumb_mini":"https:\/\/i.pximg.net\/c\/128x128\/img-master\/img\/2023\/02\/17\/00\/00\/22\/105447350_p0_square1200.jpg","small":"https:\/\/i.pximg.net\/c\/540x540_70\/img-master\/img\/2023\/02\/17\/00\/00\/22\/105447350_p0_master1200.jpg","regular":"https:\/\/i.pximg.net\/img-master\/img\/2023\/02\/17\/00\/00\/22\/105447350_p0_master1200.jpg","original":"https:\/\/i.pximg.net\/img-original\/img\/2023\/02\/17\/00\/00\/22\/105447350_p0.jpg"},"width":1500,"height":2599}]
2023/12/17 01:09:36 [https://i.pximg.net/img-original/img/2023/02/17/00/00/22/105447350_p0.jpg]
2023/12/17 01:09:38 Request failed  Get "https://www.pixiv.net/ajax/illust/105392119": EOF
2023/12/17 01:10:52 http://127.0.0.1:10811
2023/12/17 01:10:55 40
2023/12/17 01:10:58 [{"urls":{"thumb_mini":"https:\/\/i.pximg.net\/c\/128x128\/img-master\/img\/2023\/03\/06\/00\/01\/07\/105953015_p0_square1200.jpg","small":"https:\/\/i.pximg.net\/c\/540x540_70\/img-master\/img\/2023\/03\/06\/00\/01\/07\/105953015_p0_master1200.jpg","regular":"https:\/\/i.pximg.net\/img-master\/img\/2023\/03\/06\/00\/01\/07\/105953015_p0_master1200.jpg","original":"https:\/\/i.pximg.net\/img-original\/img\/2023\/03\/06\/00\/01\/07\/105953015_p0.jpg"},"width":1858,"height":3353}]
2023/12/17 01:10:58 [https://i.pximg.net/img-original/img/2023/03/06/00/01/07/105953015_p0.jpg]
2023/12/17 01:11:03 [{"urls":{"thumb_mini":"https:\/\/i.pximg.net\/c\/128x128\/img-master\/img\/2023\/02\/26\/00\/00\/37\/105711387_p0_square1200.jpg","small":"https:\/\/i.pximg.net\/c\/540x540_70\/img-master\/img\/2023\/02\/26\/00\/00\/37\/105711387_p0_master1200.jpg","regular":"https:\/\/i.pximg.net\/img-master\/img\/2023\/02\/26\/00\/00\/37\/105711387_p0_master1200.jpg","original":"https:\/\/i.pximg.net\/img-original\/img\/2023\/02\/26\/00\/00\/37\/105711387_p0.jpg"},"width":2128,"height":3410}]
2023/12/17 01:11:03 [https://i.pximg.net/img-original/img/2023/02/26/00/00/37/105711387_p0.jpg]
2023/12/17 01:11:09 [{"urls":{"thumb_mini":"https:\/\/i.pximg.net\/c\/128x128\/img-master\/img\/2023\/02\/20\/00\/00\/44\/105537915_p0_square1200.jpg","small":"https:\/\/i.pximg.net\/c\/540x540_70\/img-master\/img\/2023\/02\/20\/00\/00\/44\/105537915_p0_master1200.jpg","regular":"https:\/\/i.pximg.net\/img-master\/img\/2023\/02\/20\/00\/00\/44\/105537915_p0_master1200.jpg","original":"https:\/\/i.pximg.net\/img-original\/img\/2023\/02\/20\/00\/00\/44\/105537915_p0.jpg"},"width":654,"height":1200}]
2023/12/17 01:11:09 [https://i.pximg.net/img-original/img/2023/02/20/00/00/44/105537915_p0.jpg]
2023/12/17 01:11:17 Request failed  Get "https://www.pixiv.net/ajax/illust/105537894/pages": EOF
2023/12/17 01:11:19 [{"urls":{"thumb_mini":"https:\/\/i.pximg.net\/c\/128x128\/img-master\/img\/2023\/01\/27\/00\/00\/38\/104835846_p0_square1200.jpg","small":"https:\/\/i.pximg.net\/c\/540x540_70\/img-master\/img\/2023\/01\/27\/00\/00\/38\/104835846_p0_master1200.jpg","regular":"https:\/\/i.pximg.net\/img-master\/img\/2023\/01\/27\/00\/00\/38\/104835846_p0_master1200.jpg","original":"https:\/\/i.pximg.net\/img-original\/img\/2023\/01\/27\/00\/00\/38\/104835846_p0.jpg"},"width":2209,"height":3092}]
2023/12/17 01:11:19 [https://i.pximg.net/img-original/img/2023/01/27/00/00/38/104835846_p0.jpg]
2023/12/17 01:11:25 [{"urls":{"thumb_mini":"https:\/\/i.pximg.net\/c\/128x128\/img-master\/img\/2021\/11\/30\/00\/00\/06\/94463296_p0_square1200.jpg","small":"https:\/\/i.pximg.net\/c\/540x540_70\/img-master\/img\/2021\/11\/30\/00\/00\/06\/94463296_p0_master1200.jpg","regular":"https:\/\/i.pximg.net\/img-master\/img\/2021\/11\/30\/00\/00\/06\/94463296_p0_master1200.jpg","original":"https:\/\/i.pximg.net\/img-original\/img\/2021\/11\/30\/00\/00\/06\/94463296_p0.jpg"},"width":1518,"height":2073}]
2023/12/17 01:11:25 [https://i.pximg.net/img-original/img/2021/11/30/00/00/06/94463296_p0.jpg]
2023/12/17 01:11:31 [{"urls":{"thumb_mini":"https:\/\/i.pximg.net\/c\/128x128\/img-master\/img\/2023\/02\/20\/00\/00\/41\/105537907_p0_square1200.jpg","small":"https:\/\/i.pximg.net\/c\/540x540_70\/img-master\/img\/2023\/02\/20\/00\/00\/41\/105537907_p0_master1200.jpg","regular":"https:\/\/i.pximg.net\/img-master\/img\/2023\/02\/20\/00\/00\/41\/105537907_p0_master1200.jpg","original":"https:\/\/i.pximg.net\/img-original\/img\/2023\/02\/20\/00\/00\/41\/105537907_p0.jpg"},"width":1500,"height":2799}]
2023/12/17 01:11:31 [https://i.pximg.net/img-original/img/2023/02/20/00/00/41/105537907_p0.jpg]
2023/12/17 01:11:37 [{"urls":{"thumb_mini":"https:\/\/i.pximg.net\/c\/128x128\/img-master\/img\/2023\/02\/20\/00\/00\/27\/105537870_p0_square1200.jpg","small":"https:\/\/i.pximg.net\/c\/540x540_70\/img-master\/img\/2023\/02\/20\/00\/00\/27\/105537870_p0_master1200.jpg","regular":"https:\/\/i.pximg.net\/img-master\/img\/2023\/02\/20\/00\/00\/27\/105537870_p0_master1200.jpg","original":"https:\/\/i.pximg.net\/img-original\/img\/2023\/02\/20\/00\/00\/27\/105537870_p0.jpg"},"width":3364,"height":2777}]
2023/12/17 01:11:37 [https://i.pximg.net/img-original/img/2023/02/20/00/00/27/105537870_p0.jpg]
2023/12/17 01:11:49 [{"urls":{"thumb_mini":"https:\/\/i.pximg.net\/c\/128x128\/img-master\/img\/2023\/03\/16\/00\/00\/54\/106250192_p0_square1200.jpg","small":"https:\/\/i.pximg.net\/c\/540x540_70\/img-master\/img\/2023\/03\/16\/00\/00\/54\/106250192_p0_master1200.jpg","regular":"https:\/\/i.pximg.net\/img-master\/img\/2023\/03\/16\/00\/00\/54\/106250192_p0_master1200.jpg","original":"https:\/\/i.pximg.net\/img-original\/img\/2023\/03\/16\/00\/00\/54\/106250192_p0.jpg"},"width":2441,"height":4500}]
2023/12/17 01:11:49 [https://i.pximg.net/img-original/img/2023/03/16/00/00/54/106250192_p0.jpg]
2023/12/17 01:11:54 [{"urls":{"thumb_mini":"https:\/\/i.pximg.net\/c\/128x128\/img-master\/img\/2023\/02\/28\/00\/00\/34\/105773666_p0_square1200.jpg","small":"https:\/\/i.pximg.net\/c\/540x540_70\/img-master\/img\/2023\/02\/28\/00\/00\/34\/105773666_p0_master1200.jpg","regular":"https:\/\/i.pximg.net\/img-master\/img\/2023\/02\/28\/00\/00\/34\/105773666_p0_master1200.jpg","original":"https:\/\/i.pximg.net\/img-original\/img\/2023\/02\/28\/00\/00\/34\/105773666_p0.jpg"},"width":1975,"height":3248}]
2023/12/17 01:11:54 [https://i.pximg.net/img-original/img/2023/02/28/00/00/34/105773666_p0.jpg]
2023/12/17 01:12:01 [{"urls":{"thumb_mini":"https:\/\/i.pximg.net\/c\/128x128\/img-master\/img\/2023\/02\/15\/00\/00\/42\/105392119_p0_square1200.jpg","small":"https:\/\/i.pximg.net\/c\/540x540_70\/img-master\/img\/2023\/02\/15\/00\/00\/42\/105392119_p0_master1200.jpg","regular":"https:\/\/i.pximg.net\/img-master\/img\/2023\/02\/15\/00\/00\/42\/105392119_p0_master1200.jpg","original":"https:\/\/i.pximg.net\/img-original\/img\/2023\/02\/15\/00\/00\/42\/105392119_p0.jpg"},"width":2100,"height":4200}]
2023/12/17 01:12:01 [https://i.pximg.net/img-original/img/2023/02/15/00/00/42/105392119_p0.jpg]
2023/12/17 01:12:09 Request failed  Get "https://www.pixiv.net/ajax/illust/103015306": EOF
2023/12/17 01:12:10 [{"urls":{"thumb_mini":"https:\/\/i.pximg.net\/c\/128x128\/img-master\/img\/2022\/10\/13\/00\/00\/03\/101887242_p0_square1200.jpg","small":"https:\/\/i.pximg.net\/c\/540x540_70\/img-master\/img\/2022\/10\/13\/00\/00\/03\/101887242_p0_master1200.jpg","regular":"https:\/\/i.pximg.net\/img-master\/img\/2022\/10\/13\/00\/00\/03\/101887242_p0_master1200.jpg","original":"https:\/\/i.pximg.net\/img-original\/img\/2022\/10\/13\/00\/00\/03\/101887242_p0.jpg"},"width":1000,"height":1642}]
2023/12/17 01:12:10 [https://i.pximg.net/img-original/img/2022/10/13/00/00/03/101887242_p0.jpg]
2023/12/17 01:12:16 [{"urls":{"thumb_mini":"https:\/\/i.pximg.net\/c\/128x128\/img-master\/img\/2023\/04\/08\/00\/00\/38\/106962237_p0_square1200.jpg","small":"https:\/\/i.pximg.net\/c\/540x540_70\/img-master\/img\/2023\/04\/08\/00\/00\/38\/106962237_p0_master1200.jpg","regular":"https:\/\/i.pximg.net\/img-master\/img\/2023\/04\/08\/00\/00\/38\/106962237_p0_master1200.jpg","original":"https:\/\/i.pximg.net\/img-original\/img\/2023\/04\/08\/00\/00\/38\/106962237_p0.jpg"},"width":504,"height":900}]
2023/12/17 01:12:16 [https://i.pximg.net/img-original/img/2023/04/08/00/00/38/106962237_p0.jpg]
2023/12/17 01:12:19 [{"urls":{"thumb_mini":"https:\/\/i.pximg.net\/c\/128x128\/img-master\/img\/2023\/03\/14\/00\/01\/14\/106191960_p0_square1200.jpg","small":"https:\/\/i.pximg.net\/c\/540x540_70\/img-master\/img\/2023\/03\/14\/00\/01\/14\/106191960_p0_master1200.jpg","regular":"https:\/\/i.pximg.net\/img-master\/img\/2023\/03\/14\/00\/01\/14\/106191960_p0_master1200.jpg","original":"https:\/\/i.pximg.net\/img-original\/img\/2023\/03\/14\/00\/01\/14\/106191960_p0.jpg"},"width":425,"height":680}]
2023/12/17 01:12:19 [https://i.pximg.net/img-original/img/2023/03/14/00/01/14/106191960_p0.jpg]
2023/12/17 01:12:23 [{"urls":{"thumb_mini":"https:\/\/i.pximg.net\/c\/128x128\/img-master\/img\/2023\/02\/20\/00\/00\/30\/105537876_p0_square1200.jpg","small":"https:\/\/i.pximg.net\/c\/540x540_70\/img-master\/img\/2023\/02\/20\/00\/00\/30\/105537876_p0_master1200.jpg","regular":"https:\/\/i.pximg.net\/img-master\/img\/2023\/02\/20\/00\/00\/30\/105537876_p0_master1200.jpg","original":"https:\/\/i.pximg.net\/img-original\/img\/2023\/02\/20\/00\/00\/30\/105537876_p0.jpg"},"width":2217,"height":4096}]
2023/12/17 01:12:23 [https://i.pximg.net/img-original/img/2023/02/20/00/00/30/105537876_p0.jpg]
2023/12/17 01:12:27 [{"urls":{"thumb_mini":"https:\/\/i.pximg.net\/c\/128x128\/img-master\/img\/2023\/01\/28\/00\/00\/26\/104861618_p0_square1200.jpg","small":"https:\/\/i.pximg.net\/c\/540x540_70\/img-master\/img\/2023\/01\/28\/00\/00\/26\/104861618_p0_master1200.jpg","regular":"https:\/\/i.pximg.net\/img-master\/img\/2023\/01\/28\/00\/00\/26\/104861618_p0_master1200.jpg","original":"https:\/\/i.pximg.net\/img-original\/img\/2023\/01\/28\/00\/00\/26\/104861618_p0.jpg"},"width":2400,"height":3360}]
2023/12/17 01:12:27 [https://i.pximg.net/img-original/img/2023/01/28/00/00/26/104861618_p0.jpg]
2023/12/17 01:12:31 [{"urls":{"thumb_mini":"https:\/\/i.pximg.net\/c\/128x128\/img-master\/img\/2021\/06\/09\/00\/00\/10\/90423546_p0_square1200.jpg","small":"https:\/\/i.pximg.net\/c\/540x540_70\/img-master\/img\/2021\/06\/09\/00\/00\/10\/90423546_p0_master1200.jpg","regular":"https:\/\/i.pximg.net\/img-master\/img\/2021\/06\/09\/00\/00\/10\/90423546_p0_master1200.jpg","original":"https:\/\/i.pximg.net\/img-original\/img\/2021\/06\/09\/00\/00\/10\/90423546_p0.png"},"width":1649,"height":2206}]
2023/12/17 01:12:31 [https://i.pximg.net/img-original/img/2021/06/09/00/00/10/90423546_p0.png]
2023/12/17 01:12:36 [{"urls":{"thumb_mini":"https:\/\/i.pximg.net\/c\/128x128\/img-master\/img\/2023\/04\/08\/00\/00\/25\/106962190_p0_square1200.jpg","small":"https:\/\/i.pximg.net\/c\/540x540_70\/img-master\/img\/2023\/04\/08\/00\/00\/25\/106962190_p0_master1200.jpg","regular":"https:\/\/i.pximg.net\/img-master\/img\/2023\/04\/08\/00\/00\/25\/106962190_p0_master1200.jpg","original":"https:\/\/i.pximg.net\/img-original\/img\/2023\/04\/08\/00\/00\/25\/106962190_p0.jpg"},"width":1522,"height":2520}]
2023/12/17 01:12:36 [https://i.pximg.net/img-original/img/2023/04/08/00/00/25/106962190_p0.jpg]
2023/12/17 01:12:41 [{"urls":{"thumb_mini":"https:\/\/i.pximg.net\/c\/128x128\/img-master\/img\/2023\/02\/20\/00\/00\/45\/105537918_p0_square1200.jpg","small":"https:\/\/i.pximg.net\/c\/540x540_70\/img-master\/img\/2023\/02\/20\/00\/00\/45\/105537918_p0_master1200.jpg","regular":"https:\/\/i.pximg.net\/img-master\/img\/2023\/02\/20\/00\/00\/45\/105537918_p0_master1200.jpg","original":"https:\/\/i.pximg.net\/img-original\/img\/2023\/02\/20\/00\/00\/45\/105537918_p0.jpg"},"width":2059,"height":3092}]
2023/12/17 01:12:41 [https://i.pximg.net/img-original/img/2023/02/20/00/00/45/105537918_p0.jpg]
2023/12/17 01:12:49 [{"urls":{"thumb_mini":"https:\/\/i.pximg.net\/c\/128x128\/img-master\/img\/2023\/02\/12\/00\/00\/39\/105290732_p0_square1200.jpg","small":"https:\/\/i.pximg.net\/c\/540x540_70\/img-master\/img\/2023\/02\/12\/00\/00\/39\/105290732_p0_master1200.jpg","regular":"https:\/\/i.pximg.net\/img-master\/img\/2023\/02\/12\/00\/00\/39\/105290732_p0_master1200.jpg","original":"https:\/\/i.pximg.net\/img-original\/img\/2023\/02\/12\/00\/00\/39\/105290732_p0.jpg"},"width":1500,"height":2641}]
2023/12/17 01:12:49 [https://i.pximg.net/img-original/img/2023/02/12/00/00/39/105290732_p0.jpg]
2023/12/17 01:12:52 [{"urls":{"thumb_mini":"https:\/\/i.pximg.net\/c\/128x128\/img-master\/img\/2023\/01\/12\/00\/00\/13\/104442125_p0_square1200.jpg","small":"https:\/\/i.pximg.net\/c\/540x540_70\/img-master\/img\/2023\/01\/12\/00\/00\/13\/104442125_p0_master1200.jpg","regular":"https:\/\/i.pximg.net\/img-master\/img\/2023\/01\/12\/00\/00\/13\/104442125_p0_master1200.jpg","original":"https:\/\/i.pximg.net\/img-original\/img\/2023\/01\/12\/00\/00\/13\/104442125_p0.jpg"},"width":2577,"height":3621}]
2023/12/17 01:12:52 [https://i.pximg.net/img-original/img/2023/01/12/00/00/13/104442125_p0.jpg]
2023/12/17 01:12:56 [{"urls":{"thumb_mini":"https:\/\/i.pximg.net\/c\/128x128\/img-master\/img\/2022\/11\/14\/00\/00\/08\/102773092_p0_square1200.jpg","small":"https:\/\/i.pximg.net\/c\/540x540_70\/img-master\/img\/2022\/11\/14\/00\/00\/08\/102773092_p0_master1200.jpg","regular":"https:\/\/i.pximg.net\/img-master\/img\/2022\/11\/14\/00\/00\/08\/102773092_p0_master1200.jpg","original":"https:\/\/i.pximg.net\/img-original\/img\/2022\/11\/14\/00\/00\/08\/102773092_p0.jpg"},"width":1500,"height":3000}]
2023/12/17 01:12:56 [https://i.pximg.net/img-original/img/2022/11/14/00/00/08/102773092_p0.jpg]
2023/12/17 01:13:01 [{"urls":{"thumb_mini":"https:\/\/i.pximg.net\/c\/128x128\/img-master\/img\/2022\/01\/26\/12\/04\/20\/95783683_p0_square1200.jpg","small":"https:\/\/i.pximg.net\/c\/540x540_70\/img-master\/img\/2022\/01\/26\/12\/04\/20\/95783683_p0_master1200.jpg","regular":"https:\/\/i.pximg.net\/img-master\/img\/2022\/01\/26\/12\/04\/20\/95783683_p0_master1200.jpg","original":"https:\/\/i.pximg.net\/img-original\/img\/2022\/01\/26\/12\/04\/20\/95783683_p0.jpg"},"width":1408,"height":2732}]
2023/12/17 01:13:01 [https://i.pximg.net/img-original/img/2022/01/26/12/04/20/95783683_p0.jpg]
2023/12/17 01:13:06 [{"urls":{"thumb_mini":"https:\/\/i.pximg.net\/c\/128x128\/img-master\/img\/2023\/03\/22\/00\/01\/16\/106436308_p0_square1200.jpg","small":"https:\/\/i.pximg.net\/c\/540x540_70\/img-master\/img\/2023\/03\/22\/00\/01\/16\/106436308_p0_master1200.jpg","regular":"https:\/\/i.pximg.net\/img-master\/img\/2023\/03\/22\/00\/01\/16\/106436308_p0_master1200.jpg","original":"https:\/\/i.pximg.net\/img-original\/img\/2023\/03\/22\/00\/01\/16\/106436308_p0.jpg"},"width":1961,"height":3542}]
2023/12/17 01:13:06 [https://i.pximg.net/img-original/img/2023/03/22/00/01/16/106436308_p0.jpg]
2023/12/17 01:13:11 [{"urls":{"thumb_mini":"https:\/\/i.pximg.net\/c\/128x128\/img-master\/img\/2023\/03\/18\/00\/01\/20\/106307478_p0_square1200.jpg","small":"https:\/\/i.pximg.net\/c\/540x540_70\/img-master\/img\/2023\/03\/18\/00\/01\/20\/106307478_p0_master1200.jpg","regular":"https:\/\/i.pximg.net\/img-master\/img\/2023\/03\/18\/00\/01\/20\/106307478_p0_master1200.jpg","original":"https:\/\/i.pximg.net\/img-original\/img\/2023\/03\/18\/00\/01\/20\/106307478_p0.jpg"},"width":1911,"height":3544}]
2023/12/17 01:13:11 [https://i.pximg.net/img-original/img/2023/03/18/00/01/20/106307478_p0.jpg]
2023/12/17 01:13:18 [{"urls":{"thumb_mini":"https:\/\/i.pximg.net\/c\/128x128\/img-master\/img\/2023\/02\/24\/00\/00\/20\/105652392_p0_square1200.jpg","small":"https:\/\/i.pximg.net\/c\/540x540_70\/img-master\/img\/2023\/02\/24\/00\/00\/20\/105652392_p0_master1200.jpg","regular":"https:\/\/i.pximg.net\/img-master\/img\/2023\/02\/24\/00\/00\/20\/105652392_p0_master1200.jpg","original":"https:\/\/i.pximg.net\/img-original\/img\/2023\/02\/24\/00\/00\/20\/105652392_p0.jpg"},"width":1510,"height":2572}]
2023/12/17 01:13:18 [https://i.pximg.net/img-original/img/2023/02/24/00/00/20/105652392_p0.jpg]
2023/12/17 01:13:25 [{"urls":{"thumb_mini":"https:\/\/i.pximg.net\/c\/128x128\/img-master\/img\/2023\/02\/04\/00\/00\/45\/105059754_p0_square1200.jpg","small":"https:\/\/i.pximg.net\/c\/540x540_70\/img-master\/img\/2023\/02\/04\/00\/00\/45\/105059754_p0_master1200.jpg","regular":"https:\/\/i.pximg.net\/img-master\/img\/2023\/02\/04\/00\/00\/45\/105059754_p0_master1200.jpg","original":"https:\/\/i.pximg.net\/img-original\/img\/2023\/02\/04\/00\/00\/45\/105059754_p0.jpg"},"width":3407,"height":6000}]
2023/12/17 01:13:25 [https://i.pximg.net/img-original/img/2023/02/04/00/00/45/105059754_p0.jpg]
2023/12/17 01:13:32 [{"urls":{"thumb_mini":"https:\/\/i.pximg.net\/c\/128x128\/img-master\/img\/2022\/11\/04\/13\/35\/13\/102502585_p0_square1200.jpg","small":"https:\/\/i.pximg.net\/c\/540x540_70\/img-master\/img\/2022\/11\/04\/13\/35\/13\/102502585_p0_master1200.jpg","regular":"https:\/\/i.pximg.net\/img-master\/img\/2022\/11\/04\/13\/35\/13\/102502585_p0_master1200.jpg","original":"https:\/\/i.pximg.net\/img-original\/img\/2022\/11\/04\/13\/35\/13\/102502585_p0.jpg"},"width":5741,"height":3254}]
2023/12/17 01:13:32 [https://i.pximg.net/img-original/img/2022/11/04/13/35/13/102502585_p0.jpg]
2023/12/17 01:13:40 [{"urls":{"thumb_mini":"https:\/\/i.pximg.net\/c\/128x128\/img-master\/img\/2023\/04\/09\/00\/01\/43\/106996062_p0_square1200.jpg","small":"https:\/\/i.pximg.net\/c\/540x540_70\/img-master\/img\/2023\/04\/09\/00\/01\/43\/106996062_p0_master1200.jpg","regular":"https:\/\/i.pximg.net\/img-master\/img\/2023\/04\/09\/00\/01\/43\/106996062_p0_master1200.jpg","original":"https:\/\/i.pximg.net\/img-original\/img\/2023\/04\/09\/00\/01\/43\/106996062_p0.jpg"},"width":1853,"height":3530}]
2023/12/17 01:13:40 [https://i.pximg.net/img-original/img/2023/04/09/00/01/43/106996062_p0.jpg]
2023/12/17 01:13:48 [{"urls":{"thumb_mini":"https:\/\/i.pximg.net\/c\/128x128\/img-master\/img\/2023\/03\/30\/00\/00\/31\/106680921_p0_square1200.jpg","small":"https:\/\/i.pximg.net\/c\/540x540_70\/img-master\/img\/2023\/03\/30\/00\/00\/31\/106680921_p0_master1200.jpg","regular":"https:\/\/i.pximg.net\/img-master\/img\/2023\/03\/30\/00\/00\/31\/106680921_p0_master1200.jpg","original":"https:\/\/i.pximg.net\/img-original\/img\/2023\/03\/30\/00\/00\/31\/106680921_p0.jpg"},"width":1287,"height":2349}]
2023/12/17 01:13:48 [https://i.pximg.net/img-original/img/2023/03/30/00/00/31/106680921_p0.jpg]
2023/12/17 01:13:52 [{"urls":{"thumb_mini":"https:\/\/i.pximg.net\/c\/128x128\/img-master\/img\/2023\/02\/20\/00\/00\/38\/105537902_p0_square1200.jpg","small":"https:\/\/i.pximg.net\/c\/540x540_70\/img-master\/img\/2023\/02\/20\/00\/00\/38\/105537902_p0_master1200.jpg","regular":"https:\/\/i.pximg.net\/img-master\/img\/2023\/02\/20\/00\/00\/38\/105537902_p0_master1200.jpg","original":"https:\/\/i.pximg.net\/img-original\/img\/2023\/02\/20\/00\/00\/38\/105537902_p0.jpg"},"width":2372,"height":3563}]
2023/12/17 01:13:52 [https://i.pximg.net/img-original/img/2023/02/20/00/00/38/105537902_p0.jpg]
2023/12/17 01:13:56 Error Get "https://i.pximg.net/img-original/img/2023/02/20/00/00/38/105537902_p0.jpg": EOF https://i.pximg.net/img-original/img/2023/02/20/00/00/38/105537902_p0.jpg
2023/12/17 01:13:59 [{"urls":{"thumb_mini":"https:\/\/i.pximg.net\/c\/128x128\/img-master\/img\/2023\/02\/20\/00\/00\/33\/105537885_p0_square1200.jpg","small":"https:\/\/i.pximg.net\/c\/540x540_70\/img-master\/img\/2023\/02\/20\/00\/00\/33\/105537885_p0_master1200.jpg","regular":"https:\/\/i.pximg.net\/img-master\/img\/2023\/02\/20\/00\/00\/33\/105537885_p0_master1200.jpg","original":"https:\/\/i.pximg.net\/img-original\/img\/2023\/02\/20\/00\/00\/33\/105537885_p0.jpg"},"width":2386,"height":3913}]
2023/12/17 01:13:59 [https://i.pximg.net/img-original/img/2023/02/20/00/00/33/105537885_p0.jpg]
2023/12/17 01:14:04 [{"urls":{"thumb_mini":"https:\/\/i.pximg.net\/c\/128x128\/img-master\/img\/2023\/02\/17\/00\/00\/22\/105447350_p0_square1200.jpg","small":"https:\/\/i.pximg.net\/c\/540x540_70\/img-master\/img\/2023\/02\/17\/00\/00\/22\/105447350_p0_master1200.jpg","regular":"https:\/\/i.pximg.net\/img-master\/img\/2023\/02\/17\/00\/00\/22\/105447350_p0_master1200.jpg","original":"https:\/\/i.pximg.net\/img-original\/img\/2023\/02\/17\/00\/00\/22\/105447350_p0.jpg"},"width":1500,"height":2599}]
2023/12/17 01:14:04 [https://i.pximg.net/img-original/img/2023/02/17/00/00/22/105447350_p0.jpg]
2023/12/17 01:14:12 Request failed  Get "https://www.pixiv.net/ajax/illust/89208321/pages": EOF
