2023/12/18 16:27:45 Check settings:http://127.0.0.1:10811 PHPSESSID= Download
2023/12/18 16:27:50 40
2023/12/18 16:27:52 图片数量： 1
2023/12/18 16:27:53 4308358
2023/12/18 16:27:53 4308358
2023/12/18 16:27:53 Download Success 105953015_p0.jpg
2023/12/18 16:27:55 图片数量： 1
2023/12/18 16:27:56 1432125
2023/12/18 16:27:56 1432125
2023/12/18 16:27:56 Download Success 105537876_p0.jpg
2023/12/18 16:27:57 图片数量： 2
2023/12/18 16:27:59 1244449
2023/12/18 16:27:59 1244449
2023/12/18 16:27:59 Download Success 91474869_p0.png
2023/12/18 16:28:01 1383732
2023/12/18 16:28:01 1383732
2023/12/18 16:28:01 Download Success 91474869_p1.png
2023/12/18 16:28:02 图片数量： 1
2023/12/18 16:28:03 513861
2023/12/18 16:28:03 513861
2023/12/18 16:28:03 Download Success 106962190_p0.jpg
2023/12/18 16:28:07 图片数量： 1
2023/12/18 16:28:07 2380336
2023/12/18 16:28:08 2380336
2023/12/18 16:28:08 Download Success 105447350_p0.jpg
2023/12/18 16:28:09 图片数量： 1
2023/12/18 16:28:11 2770050
2023/12/18 16:28:12 2770050
2023/12/18 16:28:12 Download Success 102773092_p0.jpg
2023/12/18 16:28:14 图片数量： 1
2023/12/18 16:28:15 8824909
2023/12/18 16:28:16 8824909
2023/12/18 16:28:16 Download Success 90901781_p0.png
2023/12/18 16:28:17 图片数量： 1
2023/12/18 16:28:18 2161644
2023/12/18 16:28:18 2161644
2023/12/18 16:28:18 Download Success 90423546_p0.png
2023/12/18 16:28:20 图片数量： 1
2023/12/18 16:28:21 72290
2023/12/18 16:28:21 72290
2023/12/18 16:28:21 Download Success 106962237_p0.jpg
2023/12/18 16:28:23 图片数量： 1
2023/12/18 16:28:24 583104
2023/12/18 16:28:24 583104
2023/12/18 16:28:24 Download Success 105537894_p0.jpg
2023/12/18 16:28:26 图片数量： 1
2023/12/18 16:28:27 5273682
2023/12/18 16:28:28 5273682
2023/12/18 16:28:28 Download Success 104835846_p0.jpg
2023/12/18 16:28:30 图片数量： 1
2023/12/18 16:28:32 168433
2023/12/18 16:28:32 168433
2023/12/18 16:28:32 Download Success 105537915_p0.jpg
2023/12/18 16:28:34 图片数量： 1
2023/12/18 16:28:36 2500002
2023/12/18 16:28:36 2500002
2023/12/18 16:28:36 Download Success 105537870_p0.jpg
2023/12/18 16:28:40 图片数量： 1
2023/12/18 16:28:40 19558035
2023/12/18 16:28:42 19558035
2023/12/18 16:28:42 Download Success 105059754_p0.jpg
2023/12/18 16:28:44 图片数量： 1
2023/12/18 16:28:46 738891
2023/12/18 16:28:46 738891
2023/12/18 16:28:46 Download Success 103015306_p0.jpg
2023/12/18 16:28:49 图片数量： 1
2023/12/18 16:28:50 519265
2023/12/18 16:28:50 519265
2023/12/18 16:28:50 Download Success 106436308_p0.jpg
2023/12/18 16:28:52 图片数量： 1
2023/12/18 16:28:53 2244525
2023/12/18 16:28:54 2244525
2023/12/18 16:28:54 Download Success 105773666_p0.jpg
2023/12/18 16:28:56 图片数量： 1
2023/12/18 16:28:58 2937372
2023/12/18 16:28:59 2937372
2023/12/18 16:28:59 Download Success 105711387_p0.jpg
2023/12/18 16:29:00 图片数量： 1
2023/12/18 16:29:02 1895532
2023/12/18 16:29:03 1895532
2023/12/18 16:29:03 Download Success 94463296_p0.jpg
2023/12/18 16:29:06 图片数量： 1
2023/12/18 16:29:08 3742705
2023/12/18 16:29:09 3742705
2023/12/18 16:29:09 Download Success 93921202_p0.png
2023/12/18 16:29:10 图片数量： 1
2023/12/18 16:29:11 30604411
2023/12/18 16:29:14 30604411
2023/12/18 16:29:14 Download Success 89208321_p0.png
2023/12/18 16:29:15 图片数量： 1
2023/12/18 16:29:17 316150
2023/12/18 16:29:17 316150
2023/12/18 16:29:17 Download Success 106680921_p0.jpg
2023/12/18 16:29:21 图片数量： 1
2023/12/18 16:29:23 476874
2023/12/18 16:29:23 476874
2023/12/18 16:29:23 Download Success 106307478_p0.jpg
2023/12/18 16:29:27 图片数量： 1
2023/12/18 16:29:29 2475742
2023/12/18 16:29:29 2475742
2023/12/18 16:29:29 Download Success 95783683_p0.jpg
2023/12/18 16:29:31 图片数量： 1
2023/12/18 16:29:31 1814313
2023/12/18 16:29:32 1814313
2023/12/18 16:29:32 Download Success 105537885_p0.jpg
2023/12/18 16:29:33 图片数量： 1
2023/12/18 16:29:35 3741686
2023/12/18 16:29:36 3741686
2023/12/18 16:29:36 Download Success 105290732_p0.jpg
2023/12/18 16:29:37 图片数量： 1
2023/12/18 16:29:39 77667
2023/12/18 16:29:39 77667
2023/12/18 16:29:39 Download Success 106191960_p0.jpg
2023/12/18 16:29:41 图片数量： 1
2023/12/18 16:29:41 4107958
2023/12/18 16:29:42 4107958
2023/12/18 16:29:42 Download Success 105537918_p0.jpg
2023/12/18 16:29:44 图片数量： 1
2023/12/18 16:29:45 5039949
2023/12/18 16:29:46 5039949
2023/12/18 16:29:46 Download Success 105537902_p0.jpg
2023/12/18 16:29:56 图片数量： 1
2023/12/18 16:29:58 614157
2023/12/18 16:29:58 614157
2023/12/18 16:29:58 Download Success 106996062_p0.jpg
2023/12/18 16:30:02 图片数量： 1
2023/12/18 16:30:06 4644271
2023/12/18 16:30:07 4644271
2023/12/18 16:30:07 Download Success 105652392_p0.jpg
2023/12/18 16:30:10 图片数量： 1
2023/12/18 16:30:12 4087946
2023/12/18 16:30:13 4087946
2023/12/18 16:30:13 Download Success 104442125_p0.jpg
2023/12/18 16:30:16 图片数量： 1
2023/12/18 16:30:18 5383716
2023/12/18 16:30:19 5383716
2023/12/18 16:30:19 Download Success 104861618_p0.jpg
2023/12/18 16:30:23 图片数量： 1
2023/12/18 16:30:24 18933360
2023/12/18 16:30:26 18933360
2023/12/18 16:30:26 Download Success 102502585_p0.jpg
2023/12/18 16:30:28 图片数量： 1
2023/12/18 16:30:30 1068990
2023/12/18 16:30:30 1068990
2023/12/18 16:30:30 Download Success 101887242_p0.jpg
2023/12/18 16:30:33 图片数量： 1
2023/12/18 16:30:35 3863737
2023/12/18 16:30:35 3863737
2023/12/18 16:30:35 Download Success 106250192_p0.jpg
2023/12/18 16:30:39 图片数量： 1
2023/12/18 16:30:40 2958304
2023/12/18 16:30:41 2958304
2023/12/18 16:30:41 Download Success 105537907_p0.jpg
2023/12/18 16:30:46 图片数量： 1
2023/12/18 16:30:47 8934837
2023/12/18 16:30:49 8934837
2023/12/18 16:30:49 Download Success 105392119_p0.jpg
2023/12/18 16:34:25 Check settings:http://127.0.0.1:10811 PHPSESSID= Download
2023/12/18 16:40:10 Check settings:http://127.0.0.1:10811 PHPSESSID= Download
2023/12/18 16:40:28 40
2023/12/18 16:40:31 图片数量： 1
2023/12/18 16:40:31 476874
2023/12/18 16:40:31 476874
2023/12/18 16:40:31 Download Success 106307478_p0.jpg
2023/12/18 16:40:32 图片数量： 1
2023/12/18 16:40:33 4107958
2023/12/18 16:40:34 4107958
2023/12/18 16:40:34 Download Success 105537918_p0.jpg
2023/12/18 16:40:37 图片数量： 1
2023/12/18 16:40:37 1068990
2023/12/18 16:40:38 1068990
2023/12/18 16:40:38 Download Success 101887242_p0.jpg
2023/12/18 16:40:39 图片数量： 1
2023/12/18 16:40:40 3742705
2023/12/18 16:40:40 3742705
2023/12/18 16:40:40 Download Success 93921202_p0.png
2023/12/18 16:40:43 图片数量： 1
2023/12/18 16:40:43 3863737
2023/12/18 16:40:44 3863737
2023/12/18 16:40:44 Download Success 106250192_p0.jpg
2023/12/18 16:40:45 图片数量： 1
2023/12/18 16:40:47 2244525
2023/12/18 16:40:48 2244525
2023/12/18 16:40:48 Download Success 105773666_p0.jpg
2023/12/18 16:40:51 图片数量： 1
2023/12/18 16:40:52 2380336
2023/12/18 16:40:53 2380336
2023/12/18 16:40:53 Download Success 105447350_p0.jpg
2023/12/18 16:40:54 图片数量： 2
2023/12/18 16:40:55 1244449
2023/12/18 16:40:55 1244449
2023/12/18 16:40:55 Download Success 91474869_p0.png
2023/12/18 16:40:56 1383732
2023/12/18 16:40:56 1383732
2023/12/18 16:40:56 Download Success 91474869_p1.png
2023/12/18 16:40:57 图片数量： 1
2023/12/18 16:40:58 2161644
2023/12/18 16:40:58 2161644
2023/12/18 16:40:58 Download Success 90423546_p0.png
2023/12/18 16:41:00 图片数量： 1
2023/12/18 16:41:02 614157
2023/12/18 16:41:02 614157
2023/12/18 16:41:02 Download Success 106996062_p0.jpg
2023/12/18 16:41:05 图片数量： 1
2023/12/18 16:41:05 2937372
2023/12/18 16:41:06 2937372
2023/12/18 16:41:06 Download Success 105711387_p0.jpg
2023/12/18 16:41:09 图片数量： 1
2023/12/18 16:41:11 1432125
2023/12/18 16:41:12 1432125
2023/12/18 16:41:12 Download Success 105537876_p0.jpg
2023/12/18 16:41:15 图片数量： 1
2023/12/18 16:41:17 8934837
2023/12/18 16:41:18 8934837
2023/12/18 16:41:18 Download Success 105392119_p0.jpg
2023/12/18 16:41:21 图片数量： 1
2023/12/18 16:41:22 5383716
2023/12/18 16:41:23 5383716
2023/12/18 16:41:23 Download Success 104861618_p0.jpg
2023/12/18 16:41:25 图片数量： 1
2023/12/18 16:41:26 2770050
2023/12/18 16:41:26 2770050
2023/12/18 16:41:26 Download Success 102773092_p0.jpg
2023/12/18 16:41:28 图片数量： 1
2023/12/18 16:41:30 1895532
2023/12/18 16:41:30 1895532
2023/12/18 16:41:30 Download Success 94463296_p0.jpg
2023/12/18 16:41:33 图片数量： 1
2023/12/18 16:41:34 77667
2023/12/18 16:41:34 77667
2023/12/18 16:41:34 Download Success 106191960_p0.jpg
2023/12/18 16:41:36 图片数量： 1
2023/12/18 16:41:36 4644271
2023/12/18 16:41:37 4644271
2023/12/18 16:41:37 Download Success 105652392_p0.jpg
2023/12/18 16:41:39 图片数量： 1
2023/12/18 16:41:40 1814313
2023/12/18 16:41:41 1814313
2023/12/18 16:41:41 Download Success 105537885_p0.jpg
2023/12/18 16:41:42 图片数量： 1
2023/12/18 16:41:44 5273682
2023/12/18 16:41:45 5273682
2023/12/18 16:41:45 Download Success 104835846_p0.jpg
2023/12/18 16:41:48 图片数量： 1
2023/12/18 16:41:48 18933360
2023/12/18 16:41:51 18933360
2023/12/18 16:41:51 Download Success 102502585_p0.jpg
2023/12/18 16:41:55 图片数量： 1
2023/12/18 16:41:57 316150
2023/12/18 16:41:57 316150
2023/12/18 16:41:57 Download Success 106680921_p0.jpg
2023/12/18 16:42:00 图片数量： 1
2023/12/18 16:42:03 519265
2023/12/18 16:42:03 519265
2023/12/18 16:42:03 Download Success 106436308_p0.jpg
2023/12/18 16:42:07 图片数量： 1
2023/12/18 16:42:07 2958304
2023/12/18 16:42:08 2958304
2023/12/18 16:42:08 Download Success 105537907_p0.jpg
2023/12/18 16:42:09 图片数量： 1
2023/12/18 16:42:11 2500002
2023/12/18 16:42:12 2500002
2023/12/18 16:42:12 Download Success 105537870_p0.jpg
2023/12/18 16:42:14 图片数量： 1
2023/12/18 16:42:15 19558035
2023/12/18 16:42:17 19558035
2023/12/18 16:42:17 Download Success 105059754_p0.jpg
2023/12/18 16:42:20 图片数量： 1
2023/12/18 16:42:21 30604411
2023/12/18 16:42:24 30604411
2023/12/18 16:42:24 Download Success 89208321_p0.png
2023/12/18 16:42:27 图片数量： 1
2023/12/18 16:42:28 72290
2023/12/18 16:42:28 72290
2023/12/18 16:42:28 Download Success 106962237_p0.jpg
2023/12/18 16:42:31 图片数量： 1
2023/12/18 16:42:32 5039949
2023/12/18 16:42:32 5039949
2023/12/18 16:42:32 Download Success 105537902_p0.jpg
2023/12/18 16:42:36 图片数量： 1
2023/12/18 16:42:36 4308358
2023/12/18 16:42:37 4308358
2023/12/18 16:42:37 Download Success 105953015_p0.jpg
2023/12/18 16:42:38 图片数量： 1
2023/12/18 16:42:50 583104
2023/12/18 16:42:50 583104
2023/12/18 16:42:50 Download Success 105537894_p0.jpg
