09:35:41 Check settings:http://127.0.0.1:10811 PHPSESSID=26338360_GcWBehXuXXANIW5pBnt0Eh1b9EqK6Zvn D:\personal things\Download
09:43:47 16220275 pushed TaskQueue
09:43:47 16220275's artworks Start download
09:44:00 1899477 pushed TaskQueue
09:44:06 4067543 pushed TaskQueue
09:44:12 34045771 pushed TaskQueue
09:50:36 16220275's artworks -> Satisfied and Successfully downloaded illusts:  10 in all:  187
09:50:36 1899477's artworks Start download
10:03:33 1899477's artworks -> Satisfied and Successfully downloaded illusts:  396 in all:  397
10:03:34 4067543's artworks Start download
10:09:51 4067543's artworks -> Satisfied and Successfully downloaded illusts:  75 in all:  111
10:09:52 34045771's artworks Start download
10:12:28 90194153  Write Failed unexpected EOF
10:12:34 34045771's artworks -> Satisfied and Successfully downloaded illusts:  44 in all:  47
10:17:52 17162905 pushed TaskQueue
10:17:52 17162905's artworks Start download
10:17:58 12795319 pushed TaskQueue
10:18:06 14072309 pushed TaskQueue
10:18:13 161675 pushed TaskQueue
10:35:20 17162905's artworks -> Satisfied and Successfully downloaded illusts:  369 in all:  480
10:35:21 12795319's artworks Start download
10:36:45 12795319's artworks -> Satisfied and Successfully downloaded illusts:  15 in all:  34
10:36:49 14072309's artworks Start download
10:40:59 14072309's artworks -> Satisfied and Successfully downloaded illusts:  32 in all:  104
10:41:02 161675's artworks Start download
11:04:30 98939655 Start download
11:04:32 98939655 Finished download
11:13:31 Check settings:http://127.0.0.1:10811 PHPSESSID=26338360_GcWBehXuXXANIW5pBnt0Eh1b9EqK6Zvn D:\personal things\Download
11:13:55 69201416 pushed TaskQueue
11:13:58 69201416's artworks Start download
11:14:00 63484825 pushed TaskQueue
11:14:04 12692370 pushed TaskQueue
11:14:09 6042774 pushed TaskQueue
11:15:01 69201416's artworks -> Satisfied and Successfully downloaded illusts:  28 in all:  28
11:15:05 63484825's artworks Start download
11:16:54 49494721 pushed TaskQueue
11:17:05 63484825's artworks -> Satisfied and Successfully downloaded illusts:  39 in all:  43
11:17:10 2514581 pushed TaskQueue
11:17:10 12692370's artworks Start download
11:17:19 871625 pushed TaskQueue
11:18:45 12692370's artworks -> Satisfied and Successfully downloaded illusts:  13 in all:  13
11:18:48 6042774's artworks Start download
11:19:56 6042774's artworks -> Satisfied and Successfully downloaded illusts:  26 in all:  26
11:20:00 49494721's artworks Start download
11:24:42 49494721's artworks -> Satisfied and Successfully downloaded illusts:  119 in all:  135
11:24:46 2514581's artworks Start download
11:27:36 2514581's artworks -> Satisfied and Successfully downloaded illusts:  44 in all:  69
11:27:37 871625's artworks Start download
11:28:32 Check settings:http://127.0.0.1:10811 PHPSESSID=26338360_GcWBehXuXXANIW5pBnt0Eh1b9EqK6Zvn D:\personal things\Download
11:28:49 19912491 pushed TaskQueue
11:28:49 19912491's artworks Start download
11:28:54 1428649 pushed TaskQueue
11:28:58 31133701 pushed TaskQueue
11:29:07 9662157 pushed TaskQueue
11:29:13 8296627 pushed TaskQueue
11:30:36 19912491's artworks -> Satisfied and Successfully downloaded illusts:  35 in all:  40
11:30:37 1428649's artworks Start download
11:37:31 1428649's artworks -> Satisfied and Successfully downloaded illusts:  90 in all:  158
11:37:35 31133701's artworks Start download
11:43:41 31133701's artworks -> Satisfied and Successfully downloaded illusts:  188 in all:  201
11:43:42 9662157's artworks Start download
11:50:02 9662157's artworks -> Satisfied and Successfully downloaded illusts:  80 in all:  211
11:50:06 8296627's artworks Start download
11:53:33 8296627's artworks -> Satisfied and Successfully downloaded illusts:  33 in all:  139
12:10:35 45431975 pushed TaskQueue
12:10:35 45431975's artworks Start download
12:10:40 5851220 pushed TaskQueue
12:10:43 57681088 pushed TaskQueue
12:12:51 50258193 pushed TaskQueue
12:13:03 18851282 pushed TaskQueue
12:14:58 45431975's artworks -> Satisfied and Successfully downloaded illusts:  69 in all:  135
12:14:59 5851220's artworks Start download
12:16:16 5851220's artworks -> Satisfied and Successfully downloaded illusts:  43 in all:  50
12:16:17 57681088's artworks Start download
12:18:14 57681088's artworks -> Satisfied and Successfully downloaded illusts:  52 in all:  61
12:18:14 50258193's artworks Start download
12:31:12 50258193's artworks -> Satisfied and Successfully downloaded illusts:  335 in all:  335
12:31:16 18851282's artworks Start download
12:31:56 18851282's artworks -> Satisfied and Successfully downloaded illusts:  22 in all:  23
12:46:43 6763510 pushed TaskQueue
12:46:44 6763510's artworks Start download
12:46:52 44714584 pushed TaskQueue
12:47:02 80732718 pushed TaskQueue
12:47:11 17332140 pushed TaskQueue
12:48:16 6763510's artworks -> Satisfied and Successfully downloaded illusts:  2 in all:  35
12:48:18 44714584's artworks Start download
12:49:56 44714584's artworks -> Satisfied and Successfully downloaded illusts:  34 in all:  46
12:50:00 80732718's artworks Start download
12:52:45 80732718's artworks -> Satisfied and Successfully downloaded illusts:  3 in all:  87
12:52:46 17332140's artworks Start download
13:10:33 17332140's artworks -> Satisfied and Successfully downloaded illusts:  350 in all:  402
13:12:54 504935 pushed TaskQueue
13:12:59 504935's artworks Start download
13:13:02 796850 pushed TaskQueue
13:13:07 users pushed TaskQueue
13:13:23 Check settings:http://127.0.0.1:10811 PHPSESSID=26338360_GcWBehXuXXANIW5pBnt0Eh1b9EqK6Zvn D:\personal things\Download
13:13:30 504935 pushed TaskQueue
13:13:34 796850 pushed TaskQueue
13:13:37 504935's artworks Start download
13:13:39 35851079 pushed TaskQueue
13:13:44 9195630 pushed TaskQueue
13:13:50 8249246 pushed TaskQueue
13:21:49 504935's artworks -> Satisfied and Successfully downloaded illusts:  99 in all:  189
13:21:49 796850's artworks Start download
13:32:13 796850's artworks -> Satisfied and Successfully downloaded illusts:  170 in all:  178
13:32:14 35851079's artworks Start download
13:49:37 35851079's artworks -> Satisfied and Successfully downloaded illusts:  190 in all:  374
13:49:38 9195630's artworks Start download
14:02:12 9195630's artworks -> Satisfied and Successfully downloaded illusts:  80 in all:  231
14:02:16 8249246's artworks Start download
14:14:07 8249246's artworks -> Satisfied and Successfully downloaded illusts:  101 in all:  238
15:15:01 24827522 pushed TaskQueue
15:15:02 24827522's artworks Start download
15:28:28 24827522's artworks -> Satisfied and Successfully downloaded illusts:  150 in all:  217
15:30:39 71184856 pushed TaskQueue
15:30:45 9618230 pushed TaskQueue
15:30:46 71184856's artworks Start download
15:30:49 219713 pushed TaskQueue
15:37:03 71184856's artworks -> Satisfied and Successfully downloaded illusts:  79 in all:  83
15:37:03 9618230's artworks Start download
15:44:57 9618230's artworks -> Satisfied and Successfully downloaded illusts:  69 in all:  113
15:45:00 219713's artworks Start download
15:51:50 219713's artworks -> Satisfied and Successfully downloaded illusts:  62 in all:  107
16:51:51 Check settings:http://127.0.0.1:10811 PHPSESSID=26338360_GcWBehXuXXANIW5pBnt0Eh1b9EqK6Zvn D:\personal things\Download
16:58:31 24557567 pushed TaskQueue
16:58:31 24557567's artworks Start download
17:00:42 24557567's artworks -> Satisfied and Successfully downloaded illusts:  25 in all:  40
17:01:42 9314 pushed TaskQueue
17:04:18 Check settings:http://127.0.0.1:10811 PHPSESSID=26338360_GcWBehXuXXANIW5pBnt0Eh1b9EqK6Zvn D:\personal things\Download
17:04:24 9314 pushed TaskQueue
17:04:28 9314's artworks Start download
19:47:12 Check settings:http://127.0.0.1:10811 PHPSESSID=26338360_GcWBehXuXXANIW5pBnt0Eh1b9EqK6Zvn D:\personal things\Download
[Debug] - 21:07:41 Check settings:http://127.0.0.1:10811 PHPSESSID=26338360_GcWBehXuXXANIW5pBnt0Eh1b9EqK6Zvn D:\personal things\Download
[Debug] - 21:09:01 Check settings:http://127.0.0.1:10811 PHPSESSID=26338360_GcWBehXuXXANIW5pBnt0Eh1b9EqK6Zvn D:\personal things\Download
[Info] - 21:09:40 9314 pushed TaskQueue
[Info] - 21:09:41 9314's artworks Start download
[Info] - 21:09:45 24557567 pushed TaskQueue
[Info] - 21:11:32 9314's artworks -> Satisfied and Successfully downloaded illusts:  58 in all:  60
[Info] - 21:11:39 24557567's artworks Start download
[Info] - 21:12:58 24557567's artworks -> Satisfied and Successfully downloaded illusts:  25 in all:  40
[Info] - 21:13:26 1177187 pushed TaskQueue
[Info] - 21:13:30 1177187's artworks Start download
[Debug] - 21:16:16 Check settings:http://127.0.0.1:10811 PHPSESSID=26338360_GcWBehXuXXANIW5pBnt0Eh1b9EqK6Zvn D:\personal things\Download
[Info] - 21:16:20 1177187 pushed TaskQueue
[Info] - 21:16:21 1177187's artworks Start download
[Debug] - 21:18:19 Check settings:http://127.0.0.1:10811 PHPSESSID=26338360_GcWBehXuXXANIW5pBnt0Eh1b9EqK6Zvn D:\personal things\Download
[Info] - 21:18:23 1177187 pushed TaskQueue
[Info] - 21:18:27 1177187's artworks Start download
[Debug] - 21:19:30 Check settings:http://127.0.0.1:10811 PHPSESSID=26338360_GcWBehXuXXANIW5pBnt0Eh1b9EqK6Zvn D:\personal things\Download
[Info] - 21:19:34 1177187 pushed TaskQueue
[Info] - 21:19:35 1177187's artworks Start download
[Debug] - 21:21:30 Check settings:http://127.0.0.1:10811 PHPSESSID=26338360_GcWBehXuXXANIW5pBnt0Eh1b9EqK6Zvn D:\personal things\Download
[Info] - 21:21:39 1177187 pushed TaskQueue
[Info] - 21:21:41 1177187's artworks Start download
[Debug] - 21:22:31 Check settings:http://127.0.0.1:10811 PHPSESSID=26338360_GcWBehXuXXANIW5pBnt0Eh1b9EqK6Zvn D:\personal things\Download
[Info] - 21:22:35 1177187 pushed TaskQueue
[Info] - 21:22:35 1177187's artworks Start download
[Debug] - 21:24:39 Check settings:http://127.0.0.1:10811 PHPSESSID=26338360_GcWBehXuXXANIW5pBnt0Eh1b9EqK6Zvn D:\personal things\Download
[Debug] - 21:24:44 Check settings:http://127.0.0.1:10811 PHPSESSID=26338360_GcWBehXuXXANIW5pBnt0Eh1b9EqK6Zvn D:\personal things\Download
